# varia-reader capture started 2026-04-16 01:07:11
# format: <unix_ms> <char_tail> <hex_bytes>
# already bonded to AA:BB:CC:DD:EE:FF
# connecting to RearVue AA:BB:CC:DD:EE:FF
# connected status=0, discovering services
# service 6a4e2800-667b-11e3-949a-0800200c9a66
# char 6a4e2803-667b-11e3-949a-0800200c9a66 [RWw]
# char 6a4e2810-667b-11e3-949a-0800200c9a66 [RWwN]
# char 6a4e2820-667b-11e3-949a-0800200c9a66 [Ww]
# char 6a4e2811-667b-11e3-949a-0800200c9a66 [RWwN]
# char 6a4e2821-667b-11e3-949a-0800200c9a66 [Ww]
# char 6a4e2812-667b-11e3-949a-0800200c9a66 [RWwN]
# char 6a4e2822-667b-11e3-949a-0800200c9a66 [Ww]
# service 6a4e3200-667b-11e3-949a-0800200c9a66
# char 6a4e3203-667b-11e3-949a-0800200c9a66 [N]
# char 6a4e3204-667b-11e3-949a-0800200c9a66 [N]
# service 6a4e2f00-667b-11e3-949a-0800200c9a66
# char 6a4e2f11-667b-11e3-949a-0800200c9a66 [WI]
# char 6a4e2f12-667b-11e3-949a-0800200c9a66 [N]
# char 6a4e2f14-667b-11e3-949a-0800200c9a66 [N]
# subscribed 6a4e2f11-667b-11e3-949a-0800200c9a66
# subscribed 6a4e2f12-667b-11e3-949a-0800200c9a66
# subscribed 6a4e2f14-667b-11e3-949a-0800200c9a66
# subscribed 6a4e3203-667b-11e3-949a-0800200c9a66
# subscribed 6a4e3204-667b-11e3-949a-0800200c9a66
# subscribed 6a4e2810-667b-11e3-949a-0800200c9a66
0 3203 12
# subscribed 6a4e2811-667b-11e3-949a-0800200c9a66
111 2f14 0102ff1f
118 2f14 00a0000000001200000000
119 2f14 0203
119 3203 32
# subscribed 6a4e2812-667b-11e3-949a-0800200c9a66
233 3203 62
357 3203 82
472 3203 b2
621 3203 d2
772 3203 02
862 3203 22
985 3203 52
1105 3203 72
1224 3203 a2
1374 3203 c2
1494 3203 f2
1611 3203 12
1735 3203 42
1854 3203 62
1973 3203 92
2127 3203 b2
2243 3203 e2
2364 3203 02
2479 3203 32
2602 3203 52
2724 3203 82
2875 3203 a2
2992 3203 d2
3145 3203 f2
3232 3203 22
3353 3203 42
3474 3203 72
3622 3203 92
3744 3203 c2
3864 3203 e2
3984 3203 12
4104 3203 32
4223 3203 62
4373 3203 82
4491 3203 b2
4644 3203 d2
4732 3203 02
4855 3203 22
4974 3203 52
5125 3203 72
5243 3203 a2
5365 3203 c2
5514 3203 f2
5602 3203 12
5722 3203 42
5844 3203 62
5994 3203 92
6125 3203 b2
6232 3203 e2
6351 3203 02
6474 3203 32
6626 3203 52
6749 3203 82
6868 3203 a2
7015 3203 d2
7104 3203 f2
7226 3203 22
7373 3203 42
7491 3203 72
7611 3203 92
7731 3203 c2
7855 3203 e2
7973 3203 12
8127 3203 32
8243 3203 62
8363 3203 82
8483 3203 b2
8606 3203 d2
8722 3203 02
8874 3203 22
8994 3203 52
9115 3203 72
9234 3203 92
9355 3203 c2
9476 3203 f2
9627 3203 12
9744 3203 32
9864 3203 62
9982 3203 92
10104 3203 b2
10252 3203 e2
10373 3203 02
10492 3203 32
10612 3203 52
10734 3203 82
10854 3203 a2
10974 3203 d2
11127 3203 f2
11239 3203 12
11363 3203 42
11482 3203 72
11604 3203 92
11722 3203 b2
11876 3203 e2
11994 3203 12
12115 3203 32
12248 3203 52
12351 3203 82
12477 3203 a2
12593 3203 d2
12745 3203 f2
12862 3203 22
12983 3203 42
13102 3203 72
13223 3203 92
13403 3203 c2
13491 3203 e2
13612 3203 12
13732 3203 32
13852 3203 62
13978 3203 82
14152 3203 b2
14241 3203 d2
14364 3203 02
14480 3203 22
14607 3203 52
14724 3203 72
14908 3203 a2
15025 3203 c2
15110 3203 f2
15233 3203 12
15353 3203 42
15472 3203 62
15694 3203 92
15775 3203 b2
15862 3203 e2
15990 3203 02
16104 3203 32
16222 3203 52
16345 3203 82
16528 3203 a2
16646 3203 d2
16764 3203 f2
16853 3203 22
16972 3203 42
17153 3203 72
17274 3203 92
17393 3203 c2
17482 3203 e2
17634 3203 12
17724 3203 32
17843 3203 62
18024 3203 82
18143 3203 b2
18232 3203 d2
18355 3203 02
18482 3203 22
18597 3203 52
18773 3203 72
18936 3203 a2
19013 3203 c2
19133 3203 f2
19222 3203 12
19374 3203 42
19588 3203 62
19669 3203 92
19758 3203 b2
19849 3203 e2
20030 3203 02
20119 3203 32
20301 3203 52
20480 3203 82
20482 3203 a2
20657 3203 d2
20750 3203 f2
20931 3203 22
21018 3203 42
21202 3203 72
21288 3203 92
21379 3203 c2
21561 3203 e2
21648 3203 12
21740 3203 32
21923 3203 62
22008 3203 82
22192 3203 b2
22280 3203 d2
22368 3203 02
22645 3203 22
22646 3203 52
22823 3203 72
22908 3203 a2
23001 3203 c2
23180 3203 f2
23268 3203 12
23357 3203 42
23543 3203 62
23627 3203 92
23812 3203 b2
23899 3203 e2
23987 3203 02
24172 3203 32
24259 3203 52
24440 3203 82
24529 3203 a2
24619 3203 d2
24801 3203 f2
24891 3203 22
24977 3203 42
25251 3203 72
25432 3203 92
25434 3203 c2
25519 3203 e2
25702 3203 12
25788 3203 32
25878 3203 62
26062 3203 82
26148 3203 b2
26330 3203 d2
26418 3203 02
26509 3203 22
26602 3203 52
26780 3203 72
26868 3203 a2
27051 3203 c2
27140 3203 f2
27228 3203 12
27410 3203 42
27498 3203 62
27679 3203 92
27767 3203 b2
27859 3203 e2
28040 3203 02
28131 3203 32
28218 3203 52
28491 3203 82
28492 3203 a2
28670 3203 d2
28759 3203 f2
28942 3203 22
29031 3203 42
29118 3203 72
29302 3203 92
29402 3203 c2
29493 3203 e2
29669 3203 12
29749 3203 32
30029 3203 62
30032 3203 82
30114 3203 b2
30292 3203 d2
30378 3203 02
30473 3203 22
30648 3203 52
30739 3203 72
30921 3203 a2
31103 3203 c2
31184 3203 f2
31272 3203 12
31363 3203 42
31543 3203 62
31632 3203 92
31722 3203 b2
31911 3203 e2
31999 3203 02
32175 3203 32
32266 3203 52
32357 3203 82
32626 3203 a2
32627 3203 d2
32715 3203 f2
32898 3203 22
32985 3203 42
33172 3203 72
33256 3203 92
33348 3203 c2
33527 3203 e2
33616 3203 12
33804 3203 32
33888 3203 62
33976 3203 82
34159 3203 b2
34248 3203 d2
34428 3203 02
34793 3203 22
34878 3203 52
34879 3203 72
34879 3203 a2
34970 3203 c2
35149 3203 f2
35239 3203 12
35421 3203 42
35509 3203 62
35599 3203 92
35874 3203 b2
35875 3203 e2
36051 3203 02
36138 3203 32
36238 3203 52
36408 3203 82
36495 3203 a2
36767 3203 d2
36768 3203 f2
36948 3203 22
37035 3203 42
37124 3203 72
37213 3203 92
37396 3203 c2
37576 3203 e2
37664 3203 12
37760 3203 32
37848 3203 62
38030 3203 82
38117 3203 b2
38393 3203 d2
38394 3203 02
38477 3203 22
38666 3203 52
38752 3203 72
39026 3203 a2
39027 3203 c2
39108 3203 f2
39292 3203 12
39381 3203 42
39471 3203 62
39655 3203 92
39740 3203 b2
40014 3203 e2
40026 3203 02
40101 3203 32
40282 3203 52
40369 3203 82
40642 3203 a2
40643 3203 d2
40728 3203 f2
40911 3203 22
41007 3203 42
41277 3203 72
41278 3203 92
41360 3203 b2
41631 3203 e2
41632 3203 02
41721 3203 32
41903 3203 52
41988 3203 82
42262 3203 a2
42263 3203 d2
42347 3203 f2
42531 3203 22
43070 3203 42
43071 3203 72
43071 3203 92
43072 3203 c2
43251 3203 e2
43253 3203 12
43432 3203 32
43533 3203 62
43609 3203 82
43885 3203 b2
43887 3203 d2
44061 3203 02
44148 3203 22
44238 3203 52
44421 3203 72
44510 3203 a2
44599 3203 c2
44871 3203 f2
44872 3203 12
45141 3203 42
45142 3203 62
45228 3203 92
45500 3203 b2
45500 3203 e2
45772 3203 02
45774 3203 32
45857 3203 52
46040 3203 82
46130 3203 a2
46219 3203 d2
46496 3203 f2
46502 3203 22
46674 3203 42
46853 3203 72
46855 3203 92
47122 3203 c2
47124 3203 e2
47300 3203 12
47390 3203 32
47479 3203 62
47660 3203 82
47749 3203 b2
47930 3203 d2
48019 3203 02
48108 3203 22
48384 3203 52
48468 3203 72
48473 3203 a2
48740 3203 c2
48745 3203 f2
48919 3203 12
49009 3203 42
49096 3203 62
49281 3203 92
49370 3203 b2
49547 3203 e2
49646 3203 02
49730 3203 32
49917 3203 52
50107 3203 82
50178 3203 a2
50360 3203 d2
50361 3203 f2
50540 3203 22
50629 3203 42
50718 3203 72
50900 3203 92
50988 3203 c2
51171 3203 e2
51263 3203 12
51347 3203 32
51531 3203 62
51619 3203 82
51807 3203 b2
51985 3203 d2
51986 3203 02
52162 3203 22
52247 3203 52
52429 3203 72
52519 3203 a2
52608 3203 c2
52794 3203 f2
52880 3203 12
52968 3203 42
53152 3203 62
53335 3203 92
53419 3203 b2
53600 3203 e2
53602 3203 02
53778 3203 32
53869 3203 52
54059 3203 82
54144 3203 a2
54229 3203 d2
54413 3203 f2
54591 3203 22
54678 3203 42
54767 3203 72
54858 3203 92
55042 3203 c2
55219 3203 e2
55223 3203 12
55401 3203 32
55488 3203 62
55673 3203 82
55758 3203 b2
55851 3203 d2
56037 3203 02
56123 3203 22
56307 3203 52
56389 3203 72
56661 3203 a2
56661 3203 c2
56840 3203 f2
56929 3203 12
57021 3203 42
57112 3203 62
57293 3203 92
57476 3203 b2
57478 3203 e2
57651 3203 02
57738 3203 32
57920 3203 52
58103 3203 82
58105 3203 a2
58280 3203 d2
58459 3203 f2
58550 3203 22
58728 3203 42
58730 3203 72
58933 3203 92
59091 3203 c2
59179 3203 e2
59269 3203 12
59357 3203 32
59540 3203 62
59625 3203 82
59722 3203 b2
59906 3203 d2
60080 3203 02
60166 3203 22
60260 3203 52
60348 3203 72
60531 3203 a2
60708 3203 c2
60801 3203 f2
60886 3203 12
60978 3203 42
61159 3203 62
61247 3203 92
61429 3203 b2
61518 3203 e2
61701 3203 02
61795 3203 32
61880 3203 52
61971 3203 82
62149 3203 a2
62326 3203 d2
62416 3203 f2
62506 3203 22
62599 3203 42
62778 3203 72
62867 3203 92
63051 3203 c2
63136 3203 e2
63318 3203 12
63409 3203 32
63498 3203 62
63680 3203 82
63768 3203 b2
63965 3203 d2
64036 3203 02
64132 3203 22
64220 3203 52
64404 3203 72
64497 3203 92
64670 3203 c2
64762 3203 f2
64944 3203 12
65034 3203 32
65119 3203 62
65308 3203 82
65390 3203 b2
65573 3203 d2
65660 3203 02
65748 3203 22
65931 3203 52
66019 3203 72
66108 3203 a2
66291 3203 c2
66377 3203 f2
66560 3203 12
66649 3203 42
66739 3203 62
66919 3203 92
67009 3203 b2
67190 3203 e2
67281 3203 02
67372 3203 32
67554 3203 52
67638 3203 82
67728 3203 a2
67911 3203 d2
68000 3203 f2
68181 3203 22
68270 3203 42
68359 3203 72
68559 3203 92
68630 3203 c2
68810 3203 e2
68897 3203 12
68988 3203 32
69168 3203 62
69258 3203 82
69349 3203 b2
69530 3203 d2
69618 3203 02
69802 3203 22
69889 3203 52
69977 3203 72
70161 3203 a2
70254 3203 c2
70432 3203 f2
70520 3203 12
70613 3203 42
70794 3203 62
70880 3203 92
70970 3203 b2
71153 3203 e2
71239 3203 02
71419 3203 32
71510 3203 52
71599 3203 82
71779 3203 a2
71868 3203 d2
72050 3203 f2
72136 3203 22
72227 3203 42
72411 3203 72
72498 3203 92
72680 3203 c2
73136 3203 e2
73139 3203 12
73140 3203 32
73142 3203 62
73219 3203 82
73400 3203 b2
73488 3203 d2
73672 3203 02
73767 3203 22
73848 3203 52
74033 3203 72
74668 3203 a2
74670 3203 c2
74753 3203 f2
74843 3203 12
74850 3203 42
74851 3203 62
74929 3203 82
75018 3203 b2
75116 3203 d2
75295 3203 02
75379 3203 32
75476 3203 52
75651 3203 72
75843 3203 a2
75937 3203 c2
76017 3203 f2
76098 3203 12
76285 3203 42
76368 3203 62
76551 3203 92
76640 3203 b2
76734 3203 e2
76915 3203 02
76998 3203 32
77184 3203 52
77271 3203 82
77362 3203 a2
77544 3203 d2
77996 3203 f2
77997 3203 22
77999 3203 42
78001 3203 72
78182 3203 92
78258 3203 c2
78352 3203 e2
78532 3203 12
78620 3203 32
78800 3203 62
79071 3203 82
79072 3203 b2
79158 3203 d2
79246 3203 02
79525 3203 22
79698 3203 52
79701 3203 72
79788 3203 a2
79886 3203 c2
79976 3203 f2
80151 3203 12
80237 3203 42
80418 3203 62
80509 3203 92
80596 3203 b2
80781 3203 e2
80870 3203 02
81151 3203 32
81153 3203 52
81229 3203 82
81411 3203 a2
81498 3203 d2
81773 3203 f2
81775 3203 22
81858 3203 42
82042 3203 72
82129 3203 92
82217 3203 c2
82401 3203 e2
82488 3203 12
82760 3203 32
82763 3203 62e38200
82849 3203 82e38000
83032 3203 b2e37b00
83033 2f14 0102ff1f
83034 2f14 00a0000000001200000000
83036 2f14 0203
83120 3203 d2e37900
83391 3203 02e37500
83392 3203 22e37200
83478 3203 52e36e00
83660 3203 72e36b00
83749 3203 a2e36700
83930 3203 c2e36400
84024 3203 f2e36200
84112 3203 12e35f00
84383 3203 42e35b00
84385 3203 62e35900
84472 3203 92e35500
84649 3203 b2e35200
84742 3203 e2e34e00
85016 3203 02e34b00
85019 3203 32e34700
85100 3203 52e34400
85280 3203 82e34000
85460 3203 a2e33d00
85548 3203 d2e33900
85638 3203 f2
85728 3203 22
85820 2f14 0102ff1f
85823 2f14 00a0000000001200000000
85825 2f14 0203
86008 3203 42
86008 3203 72
86180 3203 92
86273 3203 c2
86359 3203 e2
86633 3203 12
86635 3203 32
86717 3203 62
86899 3203 82
86989 3203 b2
87170 3203 d2
87259 3203 02
87347 3203 22
87625 3203 52
87627 3203 72
87804 3203 a2
87887 3203 c2
87978 3203 f2
88251 3203 12
88252 3203 32
88435 3203 62
88526 3203 92
88609 3203 b2
88791 3203 d2
88879 3203 02
88968 3203 22
89241 3203 52
89243 3203 72
89421 3203 a2
89509 3203 c2
89599 3203 f2
89876 3203 12
89877 3203 42
90047 3203 62
90138 3203 92
90228 3203 b2
90409 3203 e2
90496 3203 02
90680 3203 32
90861 3203 52
90863 3203 82
91057 3203 a2
91135 3203 d2
91219 3203 f2
91493 3203 22
91496 3203 42
91670 3203 72
91760 3203 92
91848 3203 c2
92031 3203 e2
92119 3203 12
92312 3203 32
92487 3203 62
92490 3203 82
92655 3203 b2
92744 3203 d2
92932 3203 02
93110 3203 22
93113 3203 52
93294 3203 72
93381 3203 a2
93471 3203 c2
93658 3203 f2
93743 3203 12
94013 3203 42
94015 3203 62
94097 3203 92
94279 3203 b2
94371 3203 e2
94548 3203 02
94730 3203 32
94731 3203 52
94911 3203 82
95002 3203 a2
95182 3203 d2
95269 3203 f2
95359 3203 22
95543 3203 42
95721 3203 72
95722 3203 92
95899 3203 c2
95987 3203 e2
96169 3203 12
96350 3203 32
96436 3203 62
96537 3203 82
96620 3203 b2
96800 3203 d2
96892 3203 02
96978 3203 22
97160 3203 52
97340 3203 72
97429 3203 a2
97519 3203 c2
97609 3203 f2
97886 3203 12
97887 3203 42
97973 3203 62
98152 3203 92
98238 3203 b2
98419 3203 e2
98508 3203 02
98598 3203 32
98780 3203 52
98964 3203 82
99054 3203 a2
99139 3203 d2
99228 3203 f2
99411 3203 22
99678 3203 42
99771 3203 72
99773 3203 92
99857 3203 c2
100047 3203 e2
100128 3203 12
100219 3203 32
100402 3203 62
100581 3203 82
100668 3203 b2
100759 3203 d2
100847 3203 02
101031 3203 22
101213 3203 52
101300 3203 72
101388 3203 92
101478 3203 c2
101748 3203 f2
101844 3203 12
101929 3203 32
102019 3203 62
102200 3203 82
102288 3203 b2
102380 3203 d2
102469 3203 02
102651 3203 22
102832 3203 52
102919 3203 72
103016 3203 a2
103099 3203 c2
103281 3203 f2
103368 3203 12
103550 3203 42
103637 3203 62
103819 3203 92
103915 3203 b2
104003 3203 e2
104181 3203 02
104270 3203 32
104451 3203 52
104539 3203 82
104629 3203 a2
104718 3203 d2
104902 3203 f2
104988 3203 22
105259 3203 42
105263 3203 72
105345 3203 92
105630 3203 c2
105630 3203 e2
105793 3203 12
105883 3203 32
106064 3203 62
106152 3203 82
106244 3203 b2
106424 3203 d2
106513 3203 02
106602 3203 22
106783 3203 52
106874 3203 72
106965 3203 a2
107148 3203 c2
107238 3203 f2
107416 3203 12
# stopped at 2026-04-16 01:09:00 packets=869
