# varia-reader capture started 2026-04-17 20:04:18
# format: <unix_ms> <char_tail> <hex_bytes>
# strategy_next_at_start=1  total=5
# already bonded to AA:BB:CC:DD:EE:FF
# connecting to RearVue AA:BB:CC:DD:EE:FF
# connected status=0, discovering services
# service 6a4e2800-667b-11e3-949a-0800200c9a66
# char 6a4e2803-667b-11e3-949a-0800200c9a66 [RWw]
# char 6a4e2810-667b-11e3-949a-0800200c9a66 [RWwN]
# char 6a4e2820-667b-11e3-949a-0800200c9a66 [Ww]
# char 6a4e2811-667b-11e3-949a-0800200c9a66 [RWwN]
# char 6a4e2821-667b-11e3-949a-0800200c9a66 [Ww]
# char 6a4e2812-667b-11e3-949a-0800200c9a66 [RWwN]
# char 6a4e2822-667b-11e3-949a-0800200c9a66 [Ww]
# service 6a4e3200-667b-11e3-949a-0800200c9a66
# char 6a4e3203-667b-11e3-949a-0800200c9a66 [N]
# char 6a4e3204-667b-11e3-949a-0800200c9a66 [N]
# service 6a4e2f00-667b-11e3-949a-0800200c9a66
# char 6a4e2f11-667b-11e3-949a-0800200c9a66 [WI]
# char 6a4e2f12-667b-11e3-949a-0800200c9a66 [N]
# char 6a4e2f14-667b-11e3-949a-0800200c9a66 [N]
# defer cccd 6a4e3204 (post-handshake subscribe)
# subscribed 6a4e2f11-667b-11e3-949a-0800200c9a66
# subscribed 6a4e2f12-667b-11e3-949a-0800200c9a66
# subscribed 6a4e2f14-667b-11e3-949a-0800200c9a66
# subscribed 6a4e3203-667b-11e3-949a-0800200c9a66
1776452658840 2f14 0102ff1f
1776452658846 2f14 0060000000001200000000
1776452658847 2f14 0203
# subscribed 6a4e2810-667b-11e3-949a-0800200c9a66
# subscribed 6a4e2811-667b-11e3-949a-0800200c9a66
# subscribed 6a4e2812-667b-11e3-949a-0800200c9a66
# ops idle — starting strategy cycle
# STRATEGY_START index=1 name=amv_handshake_dynamic_generic ts=1776452659508 actions=0 mtu=23
# mtu_changed mtu=100 status=0
# write 2821 status=0
1776452659826 2810 00030000000000414d5604005e00
1776452659827 2810 00030000000000414d5616005f00
1776452659827 2810 00030000000000414d5601008000
1776452659828 2811 00060000000000414d56000000
# write 2821 status=0
1776452660007 2811 00010000000000414d56040000620002
# script: pfxEnum=62 reply=00010000000000414d56040000620002
# write 2821 status=0
# write 2821 status=0
1776452660187 2811 620012804001
1776452660277 2811 6201000100
# write 2821 status=0
# write 2821 status=0
1776452660459 2811 6202010202
# write 2821 status=0
1776452660549 2811 62034c127a02b55385d8
# write 2821 status=0
# write 2821 status=0
# script: discard 620012804001
# script: discard 6201000100
# script: discard 6202010202
# script: discard 62034c127a02b55385d8
1776452660736 2811 6204939b760e3325bd9d432fc95d631911b5
# script: discard 6204939b760e3325bd9d432fc95d631911b5
1776452660819 2811 00010000000000414d56010000830100
1776452660820 2811 00010000000000414d56160000640001
# script: discard 00010000000000414d56010000830100
1776452660822 2811 b00000022b04a01397214c12b55385d87a02a00f0a526561725675653832300a526561725675653832300101030aa700
# script: pfxCmd=64 reply=00010000000000414d56160000640001
# script: base=b0 baseE1=b1 devId=b00000022b04a01397214c12b55385d87a02a00f0a526561725675653832300a526561725675653832300101030aa700
# write 2821 status=0
# write 2821 status=0
# write 2821 status=0
1776452660997 2811 640200
1776452660997 2811 b041000209088813881304f14200
# write 2821 status=0
# write 2821 status=0
1776452661178 2811 b0820002090388130581029c0a00
# write 2821 status=0
# write 2821 status=0
# write 2821 status=0
1776452661456 2811 b0c30002090888133280023c5500
# write 2821 status=0
1776452661539 2811 b1040002090888132b8102ec0200
# write 2821 status=0
# script: handshake complete — observing for 3204
1776452661742 2811 b1450002090388130582029cfa00
1776452662169 2811 b1450002090388130582029cfa00
1776452663160 2811 b1450002090388130582029cfa00
1776452665241 2811 b1450002090388130582029cfa00
1776452669216 2811 b1450002090388130582029cfa00
1776452677310 2811 b1450002090388130582029cfa00
1776452686671 2811 640000
1776452693149 2811 b1450002090388130582029cfa00
1776452711690 2811 640001
1776452713217 2811 b1450002090388130582029cfa00
# STRATEGY_END index=1 name=amv_handshake_dynamic_generic duration_s=62 pkt3203=0 pkt3204=0 mtu=100 writes_ok=19 writes_fail=0 reads_ok=0 reads_fail=0
# STRATEGY_START index=2 name=amv_handshake_plus_2f11 ts=1776452721674 actions=0 mtu=100
# mtu_changed mtu=100 status=0
# write 2821 status=0
1776452721950 2811 00030000000000414d5604006200
# script: discard 00030000000000414d5604006200
1776452721952 2811 00030000000000414d5601008300
# script: discard 00030000000000414d5601008300
1776452721953 2811 00030000000000414d5616006400
1776452721954 2811 00060000000000414d56000000
# script: discard 00030000000000414d5616006400
# write 2821 status=0
1776452722218 2811 00010000000000414d56040000650002
# script: pfxEnum=65 reply=00010000000000414d56040000650002
# write 2821 status=0
# write 2821 status=0
1776452722400 2811 650012804001
# write 2821 status=0
1776452722577 2811 6501000100
# write 2821 status=0
# write 2821 status=0
1776452722757 2811 6502010202
# write 2821 status=0
# script: discard 650012804001
# script: discard 6501000100
# script: discard 6502010202
# write 2821 status=0
1776452722957 2811 65034c127a02b55385d8
# script: discard 65034c127a02b55385d8
1776452723032 2811 6504939b760e3325bd9d432fc95d631911b5
# script: discard 6504939b760e3325bd9d432fc95d631911b5
1776452723034 2811 00010000000000414d56010000860100
# script: discard 00010000000000414d56010000860100
1776452723036 2811 e00000022b04a01397214c12b55385d87a02a00f0a526561725675653832300a526561725675653832300101030aa700
# script: discard e00000022b04a01397214c12b55385d87a02a00f0a526561725675653832300a526561725675653832300101030aa700
1776452723118 2811 00010000000000414d56160000670001
# script: pfxCmd=67 reply=00010000000000414d56160000670001
1776452724025 2811 e00000022b04a01397214c12b55385d87a02a00f0a526561725675653832300a526561725675653832300101030aa700
# script: base=e0 baseE1=e1 devId=e00000022b04a01397214c12b55385d87a02a00f0a526561725675653832300a526561725675653832300101030aa700
# write 2821 status=0
# write 2821 status=0
# write 2821 status=0
# write 2821 status=0
# write 2821 status=0
1776452724291 2811 670200
1776452724291 2811 e0410002160432810f010101010204010380100384020103da7300
1776452724380 2811 e080
# write 2821 status=0
# write 2821 status=0
1776452724557 2811 e0c2000209010480ba13039c1500
# write 2821 status=0
# write 2821 status=0
1776452724743 2811 e103000211010481b31301010101010101010386ad00
1776452724752 2811 e10400021a032c8201010101010206010102060101096a044a021001a47b00
# write 2821 status=0
# script: handshake complete — observing for 3204
1776452725007 2811 e140
# script: post-handshake 2f11 write done
1776452725277 2f11 2004011004
# write 2f11 status=0
1776452749668 2811 670000
1776452774697 2811 670001
# STRATEGY_END index=2 name=amv_handshake_plus_2f11 duration_s=63 pkt3203=0 pkt3204=0 mtu=100 writes_ok=20 writes_fail=0 reads_ok=0 reads_fail=0
# STRATEGY_START index=3 name=amv_handshake_full_2f11_sequence ts=1776452785133 actions=0 mtu=100
# mtu_changed mtu=100 status=0
# write 2821 status=0
1776452785491 2811 00030000000000414d5604006500
1776452785493 2811 00030000000000414d5601008600
# script: discard 00030000000000414d5604006500
# script: discard 00030000000000414d5601008600
1776452785498 2811 00030000000000414d5616006700
# script: discard 00030000000000414d5616006700
1776452785583 2811 00060000000000414d56000000
# write 2821 status=0
1776452786036 2811 00010000000000414d56040000680002
# script: pfxEnum=68 reply=00010000000000414d56040000680002
# write 2821 status=0
# write 2821 status=0
1776452786299 2811 680012804001
# write 2821 status=0
# write 2821 status=0
1776452786482 2811 6801000100
# write 2821 status=0
1776452786566 2811 6802010202
1776452786571 2811 68034c127a02b55385d8
1776452786658 2811 6804939b760e3325bd9d432fc95d631911b5
# write 2821 status=0
# script: discard 680012804001
# script: discard 6801000100
# script: discard 6802010202
# write 2821 status=0
# script: discard 68034c127a02b55385d8
# script: discard 6804939b760e3325bd9d432fc95d631911b5
1776452786845 2811 00010000000000414d56010000810100
1776452786846 2811 900000022b04a01397214c12b55385d87a02a00f0a526561725675653832300a526561725675653832300101030aa700
# script: discard 00010000000000414d56010000810100
# script: discard 900000022b04a01397214c12b55385d87a02a00f0a526561725675653832300a526561725675653832300101030aa700
1776452786934 2811 00010000000000414d561600006a0001
# script: pfxCmd=6a reply=00010000000000414d561600006a0001
1776452787860 2811 900000022b04a01397214c12b55385d87a02a00f0a526561725675653832300a526561725675653832300101030aa700
# script: base=90 baseE1=91 devId=900000022b04a01397214c12b55385d87a02a00f0a526561725675653832300a526561725675653832300101030aa700
# write 2821 status=0
# write 2821 status=0
# write 2821 status=0
1776452788098 2811 6a0200
# write 2821 status=0
# write 2821 status=0
1776452788190 2811 90410002160432810f010101010204010380100384020103da7300
# write 2821 status=0
1776452788375 2811 9080
# write 2821 status=0
# write 2821 status=0
# write 2821 status=0
# write 2821 status=0
# script: handshake complete — observing for 3204
1776452788735 2811 90c2000209010480ba13039c1500
1776452788819 2811 9143000211010481b31301010101010101010386ad00
1776452789089 3204 0290
1776452789090 3204 02a0
# subscribed 6a4e3204-667b-11e3-949a-0800200c9a66
1776452789268 3204 02b0
1776452789270 2811 9143000211010481b31301010101010101010386ad00
1776452789448 2f11 2004011004
# write 2f11 status=0
1776452789722 3204 02c0
1776452789724 2f11 200601090511011ffffffffe0000000000000000
# write 2f11 status=0
1776452789896 3204 02e0
1776452789897 2f11 20030129ff140064006400000000000000000000
# write 2f11 status=0
1776452790084 3204 0214
1776452790095 2f11 2003014900000000000000000000000000000000
# write 2f11 status=0
# script: full 2f11 post-handshake sequence done
1776452790352 3204 0224
1776452790353 2f11 2003016900000000000000000000000000000000
1776452790353 2811 9143000211010481b31301010101010101010386ad00
# write 2f11 status=0
1776452790529 3204 0234
1776452790531 2f11 2003018900000000000000000000000000000000
# write 2f11 status=0
1776452790710 3204 0264
# write 2f11 status=0
1776452790804 2f11 200301a900000000000000000000000000000000
1776452790977 3204 0274
1776452790978 3204 0294
1776452791076 3204 02a4
1776452791252 3204 02b4
1776452791338 3204 02c4
1776452791431 3204 02d4
1776452791618 3204 02e4
1776452791792 3204 02f4
1776452791969 3204 0208
1776452791971 3204 0218
1776452792066 3204 0228
1776452792239 3204 0238
1776452792424 3204 0248
1776452792425 2811 9143000211010481b31301010101010101010386ad00
1776452792508 3204 0258
1776452792599 3204 0268
1776452792688 3204 0278
1776452792962 3204 0288
1776452792963 3204 0298
1776452793149 3204 02a8
1776452793343 3204 02b8
1776452793343 3204 02c8
1776452793587 3204 02d8
1776452793587 3204 02e8
1776452793778 3204 02f8
1776452793857 3204 020c
1776452793947 3204 021c
1776452794129 3204 022c
1776452794216 3204 023c
1776452794307 3204 024c
1776452794491 3204 025c
1776452794577 3204 026c
1776452794766 3204 027c
1776452794847 3204 028c
1776452794937 3204 029c
1776452795208 3204 02ac
1776452795209 3204 02bc
1776452795390 3204 02cc
1776452795478 3204 02dc
1776452795571 3204 02ec
1776452795752 3204 02fc
1776452795839 3204 0200
1776452796019 3204 0210
1776452796107 3204 0220
1776452796198 3204 0230
1776452796380 3204 0240
1776452796469 3204 0250
1776452796560 3204 0260
1776452796650 2811 9143000211010481b31301010101010101010386ad00
1776452796827 3204 0270
1776452796829 3204 0280
1776452797017 3204 0290
1776452797188 3204 02a0
1776452797188 3204 02b0
1776452797368 3204 02c0
1776452797458 3204 02d0
1776452797642 3204 02e0
1776452797732 3204 02f0
1776452797818 3204 0204
1776452798006 3204 0214
1776452798088 3204 0224
1776452798179 3204 0234
1776452798464 3204 0244
1776452798475 3204 0254
1776452798631 3204 0264
1776452798730 3204 0274
1776452798810 3204 0284
1776452798989 3204 0294
1776452799090 3204 02a4
1776452799265 3204 02b4
1776452799352 3204 02c4
1776452799440 3204 02d4
1776452799624 3204 02e4
1776452799707 3204 02f4
1776452799891 3204 0208
1776452800069 3204 0218
1776452800074 3204 0228
1776452800251 3204 0238
1776452800349 3204 0248
1776452800433 3204 0258
1776452800608 3204 0268
1776452800697 3204 0278
1776452800881 3204 0288
1776452800970 3204 0298
1776452801059 3204 02a8
1776452801327 3204 02b8
1776452801328 3204 02c8
1776452801509 3204 02d8
1776452801687 3204 02e8
1776452801690 3204 02f8
1776452801872 3204 020c
1776452801962 3204 021c
1776452802143 3204 022c
1776452802320 3204 023c
1776452802321 3204 024c
1776452802500 3204 025c
1776452802589 3204 026c
1776452802679 3204 027c
1776452802865 3204 028c
1776452802947 3204 029c
1776452803128 3204 02ac
1776452803307 3204 02bc
1776452803308 3204 02cc
1776452803489 3204 02dc
1776452803579 3204 02ec
1776452803760 3204 02fc
1776452803950 3204 0200
1776452803951 3204 0210
1776452804117 3204 0220
1776452804297 3204 0230
1776452804390 3204 0240
1776452804481 3204 0250
1776452804570 3204 0260
1776452804751 3204 0270
1776452804928 3204 0280
1776452804929 3204 0290
1776452805018 2811 9143000211010481b31301010101010101010386ad00
1776452805106 3204 02a0
1776452805196 3204 02b0
1776452805417 3204 02c0
1776452805564 3204 02d0
1776452805565 3204 02e0
1776452805741 3204 02f0
1776452805830 3204 0204
1776452806015 3204 0214
1776452806114 3204 0224
1776452806211 3204 0234
1776452806649 3204 0244
1776452806649 3204 0254
1776452806650 3204 0264
1776452806732 3204 0274
1776452806819 3204 0284
1776452807011 3204 0294
1776452807181 3204 02a4
1776452807182 3204 02b4
1776452807467 3204 02c4
1776452807473 3204 02d4
1776452807719 3204 02e4
1776452807721 3204 02f4
1776452807821 3204 0208
1776452807995 3204 0218
1776452808181 3204 0228
1776452808282 3204 0238
1776452808357 3204 0248
1776452808441 3204 0258
1776452808620 3204 0268
1776452808803 3204 0278
1776452808890 3204 0288
1776452808977 3204 0298
1776452809068 3204 02a8
1776452809267 3204 02b8
1776452809346 3204 02c8
1776452809434 3204 02d8
1776452809616 3204 02e8
1776452809791 3204 02f8
1776452809878 3204 020c
1776452809967 3204 021c
1776452810061 3204 022c
1776452810245 3204 023c
1776452810423 3204 024c
1776452810511 3204 025c
1776452810615 3204 026c
1776452810693 3204 027c
1776452810882 3204 028c
1776452810968 3204 029c
1776452811145 3204 02ac
1776452811228 3204 02bc
1776452811414 3204 02cc
1776452811508 3204 02dc
1776452811594 3204 02ec
1776452811684 3204 02fc
1776452811869 3204 0200
1776452812046 3204 0210
1776452812136 3204 0220
1776452812324 3204 0230
1776452812325 3204 0240
1776452812501 3204 0250
1776452812584 3204 0260
1776452812774 3204 0270
1776452812857 3204 0280
1776452813037 3204 0290
1776452813120 3204 02a0
1776452813215 3204 02b0
1776452813303 3204 02c0
1776452813574 3204 02d0
1776452813575 3204 02e0
1776452813765 3204 02f0
1776452813939 2811 6a0000
1776452814021 3204 0204
1776452814026 3204 0214
1776452814107 3204 0224
1776452814201 3204 0234
1776452814392 3204 0244
1776452814478 3204 0254
1776452814651 3204 0264
1776452814739 3204 0274
1776452814829 3204 0284
1776452815015 3204 0294
1776452815102 3204 02a4
1776452815284 3204 02b4
1776452815370 3204 02c4
1776452815459 3204 02d4
1776452815548 3204 02e4
1776452815738 3204 02f4
1776452815821 3204 0208
1776452816262 3204 0218
1776452816262 3204 0228
1776452816271 3204 0238
1776452816422 3204 0248
1776452816459 3204 0258
1776452816629 3204 0268
1776452816725 3204 0278
1776452816903 3204 0288
1776452816987 3204 0298
1776452817079 3204 02a8
1776452817300 3204 02b8
1776452817350 3204 02c8
1776452817438 3204 02d8
1776452817617 3204 02e8
1776452817800 3204 02f8
1776452817889 3204 020c
1776452817978 3204 021c
1776452818069 3204 022c
1776452818247 3204 023c
1776452818337 3204 024c
1776452818519 3204 025c
1776452818812 3204 026c
1776452818813 3204 027c
1776452818895 3204 028c
1776452818975 3204 029c
1776452819057 3204 02ac
1776452819238 3204 02bc
1776452819331 3204 02cc
1776452819514 3204 02dc
1776452819597 3204 02ec
1776452819688 3204 02fc
1776452819868 3204 0200
1776452819960 3204 0210
1776452820139 3204 0220
1776452820229 3204 0230
1776452820324 3204 0240
1776452820507 3204 0250
1776452820588 3204 0260
1776452820777 3204 0270
1776452820857 3204 0280
1776452820955 3204 0290
1776452821136 3204 02a0
1776452821225 3204 02b0
1776452821308 3204 02c0
1776452821492 3204 02d0
1776452821673 3204 02e0
1776452821764 3204 02f0
1776452821847 3204 0204
1776452821848 2811 9143000211010481b31301010101010101010386ad00
1776452821937 3204 0214
1776452822118 3204 0224
1776452822208 3204 0234
1776452822308 3204 0244
1776452822477 3204 0254
1776452822571 3204 0264
1776452822750 3204 0274
1776452822840 3204 0284
1776452823023 3204 0294
1776452823111 3204 02a4
1776452823198 3204 02b4
1776452823382 3204 02c4
1776452823468 3204 02d4
1776452823564 3204 02e4
1776452823743 3204 02f4
1776452823831 3204 0208
1776452824009 3204 0218
1776452824100 3204 0228
1776452824195 3204 0238
1776452824371 3204 0248
1776452824459 3204 0258
1776452824548 3204 0268
1776452824731 3204 0278
1776452824828 3204 0288
1776452825001 3204 0298
1776452825087 3204 02a8
1776452825184 3204 02b8
1776452825368 3204 02c8
1776452825539 3204 02d8
1776452825630 3204 02e8
1776452825717 3204 02f8
1776452825809 3204 020c
1776452825993 3204 021c
1776452826082 3204 022c
1776452826265 3204 023c
1776452826348 3204 024c
1776452826437 3204 025c
1776452826625 3204 026c
1776452826710 3204 027c
1776452826797 3204 028c
1776452826978 3204 029c
1776452827067 3204 02ac
1776452827250 3204 02bc
1776452827703 3204 02cc
1776452827703 3204 02dc
1776452827703 3204 02ec
1776452827789 3204 02fc
1776452827882 3204 0200
1776452827967 3204 0210
1776452828065 3204 0220
1776452828331 3204 0230
1776452828332 3204 0240
1776452828513 3204 0250
1776452828599 3204 0260
1776452828787 3204 0270
1776452828868 3204 0280
1776452828958 3204 0290
1776452829243 3204 02a0
1776452829247 3204 02b0
1776452829411 3204 02c0
1776452829497 3204 02d0
1776452829589 3204 02e0
1776452829677 3204 02f0
1776452829861 3204 0204
1776452829947 3204 0214
1776452830130 3204 0224
1776452830217 3204 0234
1776452830308 3204 0244
1776452830492 3204 0254
1776452830580 3204 0264
1776452830847 3204 0274
1776452830848 3204 0284
1776452830941 3204 0294
1776452831124 3204 02a4
1776452831209 3204 02b4
1776452831299 3204 02c4
1776452831480 3204 02d4
1776452831568 3204 02e4
1776452831750 3204 02f4
1776452831841 3204 0208
1776452831933 3204 0218
1776452832112 3204 0228
1776452832198 3204 0238
1776452832469 3204 0248
1776452832469 3204 0258
1776452832557 3204 0268
1776452832741 3204 0278
1776452832831 3204 0288
1776452833191 3204 0298
1776452833192 3204 02a8
1776452833194 3204 02b8
1776452833369 3204 02c8
1776452833458 3204 02d8
1776452833549 3204 02e8
1776452833729 3204 02f8
1776452834180 3204 020c
1776452834181 3204 021c
1776452834183 3204 022c
1776452834183 3204 023c
1776452834363 3204 024c
1776452834449 3204 025c
1776452834721 3204 026c
1776452834722 3204 027c
1776452834812 3204 028c
1776452834989 3204 029c
1776452835079 3204 02ac
1776452835348 3204 02bc
1776452835349 3204 02cc
1776452835444 3204 02dc
1776452835713 3204 02ec
1776452835713 3204 02fc
1776452835797 3204 0200
1776452835978 3204 0210
1776452836067 3204 0220
1776452836338 3204 0230
1776452836338 3204 0240
1776452836428 3204 0250
1776452836614 3204 0260
1776452836967 3204 0270
1776452836968 3204 0280
1776452837057 3204 0290
1776452837148 3204 02a0
1776452837333 3204 02b0
1776452837334 3204 02c0
1776452837510 3204 02d0
1776452837597 3204 02e0
1776452837686 3204 02f0
1776452837961 3204 0204
1776452837961 3204 0214
1776452838047 3204 0224
1776452838229 3204 0234
1776452838318 3204 0244
1776452838506 3204 0254
1776452838680 3204 0264
1776452838681 3204 0274
1776452838767 2811 6a0001
1776452838960 3204 0284
1776452838961 3204 0294
1776452839129 3204 02a4
1776452839217 3204 02b4
1776452839307 3204 02c4
1776452839581 3204 02d4
1776452839585 3204 02e4
1776452839759 3204 02f4
1776452839848 3204 0208
1776452839937 3204 0218
1776452840124 3204 0228
1776452840211 3204 0238
1776452840393 3204 0248
1776452840662 3204 0258
1776452840663 3204 0268
1776452840748 3204 0278
1776452840839 3204 0288
1776452840929 3204 0298
1776452841289 3204 02a8
1776452841292 3204 02b8
1776452841382 3204 02c8
1776452841481 3204 02d8
1776452841558 3204 02e8
1776452841741 3204 02f8
1776452841917 3204 020c
1776452841919 2811 9143000211010481b31301010101010101010386ad00
1776452842008 3204 021c
1776452842282 3204 022c
1776452842283 3204 023c
1776452842371 3204 024c
1776452842459 3204 025c
1776452842548 3204 026c
1776452842836 3204 027c
1776452842837 3204 028c
1776452842999 3204 029c
1776452843089 3204 02ac
1776452843180 3204 02bc
1776452843362 3204 02cc
1776452843447 3204 02dc
1776452843632 3204 02ec
1776452843815 3204 02fc
1776452843815 3204 0200
1776452843988 3204 0210
1776452844079 3204 0220
1776452844263 3204 0230
1776452844443 3204 0240
1776452844446 3204 0250
1776452844620 3204 0260
1776452844707 3204 0270
1776452844798 3204 0280
1776452844979 3204 0290
1776452845068 3204 02a0
1776452845257 3204 02b0
1776452845431 3204 02c0
1776452845432 3204 02d0
1776452845609 3204 02e0
1776452845702 3204 02f0
1776452845881 3204 0204
1776452846068 3204 0214
1776452846068 3204 0224
1776452846239 3204 0234
1776452846331 3204 0244
1776452846515 3204 0254
1776452846597 3204 0264
1776452846688 3204 0274
1776452846869 3204 0284
1776452847053 3204 0294
1776452847054 3204 02a4
1776452847226 3204 02b4
1776452847320 3204 02c4
1776452847498 3204 02d4
1776452847677 3204 02e4
1776452847679 3204 02f4
1776452847859 3204 0208
1776452847947 3204 0218
1776452848130 3204 0228
1776452848402 3204 0238
1776452848403 3204 0248
1776452848488 3204 0258
1776452848670 3204 0268
1776452848760 3204 0278
1776452848850 3204 0288
1776452848938 3204 0298
1776452849119 3204 02a8
1776452849302 3204 02b8
1776452849302 3204 02c8
1776452849572 3204 02d8
1776452849573 3204 02e8
1776452849748 3204 02f8
1776452849842 3204 020c
1776452849934 3204 021c
1776452850111 3204 022c
1776452850199 3204 023c
# STRATEGY_END index=3 name=amv_handshake_full_2f11_sequence duration_s=65 pkt3203=0 pkt3204=485 mtu=100 writes_ok=26 writes_fail=0 reads_ok=0 reads_fail=0
# STRATEGY_START index=4 name=rale_baseline_control ts=1776452850242 actions=3 mtu=100
1776452850378 3204 024c
# mtu_changed mtu=100 status=0
1776452850476 3204 025c
# write 2f11 status=0
1776452850561 3204 026c
1776452850647 2f11 2004011004
1776452850919 3204 027c
1776452850923 3204 028c
1776452851007 3204 029c
1776452851101 3204 02ac
1776452851187 3204 02bc
1776452851373 3204 02cc
1776452851460 3204 02dc
1776452851552 3204 02ec
1776452851731 3204 02fc
1776452851817 3204 0200
1776452851998 3204 0210
1776452852105 3204 0220
1776452852194 3204 0230
1776452852359 3204 0240
1776452852547 3204 0250
1776452852808 3204 0260
1776452852809 3204 0270
1776452852991 3204 0280
1776452852992 3204 0290
1776452853166 3204 02a0
1776452853259 3204 02b0
1776452853353 3204 02c0
1776452853440 3204 02d0
1776452853627 3204 02e0
1776452853712 3204 02f0
1776452853800 3204 0204
1776452853978 3204 0214
1776452854164 3204 0224
1776452854253 3204 0234
1776452854336 3204 0244
1776452854428 3204 0254
1776452854623 3204 0264
1776452854703 3204 0274
1776452854878 3204 0284
1776452854970 3204 0294
1776452855061 3204 02a4
1776452855240 3204 02b4
1776452855331 3204 02c4
1776452855513 3204 02d4
1776452855600 3204 02e4
1776452855874 3204 02f4
1776452855875 3204 0208
1776452855958 3204 0218
1776452856049 3204 0228
1776452856239 3204 0238
1776452856321 3204 0248
1776452856501 3204 0258
1776452856588 3204 0268
1776452856676 3204 0278
1776452856856 3204 0288
1776452856951 3204 0298
1776452857128 3204 02a8
1776452857218 3204 02b8
1776452857401 3204 02c8
1776452857488 3204 02d8
1776452857580 3204 02e8
1776452857765 3204 02f8
1776452857848 3204 020c
1776452857941 3204 021c
1776452858129 3204 022c
1776452858209 3204 023c
1776452858307 3204 024c
1776452858479 3204 025c
1776452858569 3204 026c
1776452858751 3204 027c
1776452858839 3204 028c
1776452859018 3204 029c
1776452859108 3204 02ac
1776452859197 3204 02bc
1776452859378 3204 02cc
1776452859468 3204 02dc
1776452859558 3204 02ec
1776452859753 3204 02fc
1776452859829 3204 0200
1776452860008 3204 0210
1776452860105 3204 0220
1776452860187 3204 0230
1776452860368 3204 0240
1776452860458 3204 0250
1776452860639 3204 0260
1776452860728 3204 0270
1776452860818 3204 0280
1776452861003 3204 0290
1776452861091 3204 02a0
1776452861273 3204 02b0
1776452861360 3204 02c0
1776452861451 3204 02d0
1776452861631 3204 02e0
1776452861719 3204 02f0
1776452861809 3204 0204
1776452861811 2811 9143000211010481b31301010101010101010386ad00
1776452861992 3204 0214
1776452862078 3204 0224
1776452862262 3204 0234
1776452862366 3204 0244
1776452862439 3204 0254
1776452862630 3204 0264
1776452862719 3204 0274
1776452862892 3204 0284
1776452862985 3204 0294
1776452863081 3204 02a4
1776452863252 3204 02b4
1776452863347 3204 02c4
1776452863615 3204 02d4
1776452863616 3204 02e4
1776452863705 3204 02f4
1776452863883 2811 6a0002
1776452863885 3204 0208
1776452863968 3204 0218
1776452864059 3204 0228
1776452864238 3204 0238
1776452864329 3204 0248
1776452864511 3204 0258
1776452864601 3204 0268
1776452864782 3204 0278
1776452864874 3204 0288
1776452864965 3204 0298
1776452865060 3204 02a8
1776452865234 3204 02b8
1776452865320 3204 02c8
1776452865508 3204 02d8
1776452865589 3204 02e8
1776452865724 3204 02f8
1776452865863 3204 020c
1776452865957 3204 021c
1776452866145 3204 022c
1776452866218 3204 023c
1776452866307 3204 024c
1776452866593 3204 025c
1776452866593 3204 026c
1776452866757 3204 027c
1776452866940 3204 028c
1776452866941 3204 029c
1776452867125 3204 02ac
1776452867216 3204 02bc
1776452867302 3204 02cc
1776452867482 3204 02dc
1776452867571 3204 02ec
1776452867754 3204 02fc
1776452867843 3204 0200
1776452867931 3204 0210
1776452868116 3204 0220
1776452868197 3204 0230
1776452868404 3204 0240
1776452868829 3204 0250
1776452868830 3204 0260
1776452868830 3204 0270
1776452868830 3204 0280
1776452869009 3204 0290
1776452869101 3204 02a0
1776452869189 3204 02b0
1776452869378 3204 02c0
1776452869461 3204 02d0
1776452869547 3204 02e0
1776452869730 3204 02f0
1776452870364 3204 0204
1776452870368 3204 0214
1776452870370 3204 0224
1776452870594 3204 0234
1776452870595 3204 0244
1776452870595 3204 0254
1776452870629 3204 0264
1776452870723 3204 0274
1776452870808 3204 0284
1776452870990 3204 0294
1776452871078 3204 02a4
1776452871262 3204 02b4
1776452871348 3204 02c4
1776452871442 3204 02d4
1776452871618 3204 02e4
1776452871708 3204 02f4
1776452871797 3204 0208
1776452871978 3204 0218
1776452872071 3204 0228
1776452872253 3204 0238
1776452872439 3204 0248
1776452872439 3204 0258
1776452872610 3204 0268
1776452872714 3204 0278
1776452872890 3204 0288
1776452872968 3204 0298
1776452873148 3204 02a8
1776452873242 3204 02b8
1776452873332 3204 02c8
1776452873601 3204 02d8
1776452873601 3204 02e8
1776452873699 3204 02f8
1776452873964 3204 020c
1776452873964 3204 021c
1776452874050 3204 022c
1776452874231 3204 023c
1776452874318 3204 024c
1776452875040 3204 025c
1776452875040 3204 026c
1776452875041 3204 027c
1776452875220 3204 028c
1776452875220 3204 029c
1776452875310 3204 02ac
1776452875312 3204 02bc
1776452875313 3204 02cc
1776452875494 3204 02dc
1776452875581 3204 02ec
1776452875855 3204 02fc
1776452875860 3204 0200
1776452875938 3204 0210
1776452876128 3204 0220
1776452876403 3204 0230
1776452876447 3204 0240
1776452876480 3204 0250
1776452876572 3204 0260
1776452877033 3204 0270
1776452877035 3204 0280
1776452877037 3204 0290
1776452877113 3204 02a0
1776452877205 3204 02b0
1776452877560 3204 02c0
1776452877561 3204 02d0
1776452877561 3204 02e0
1776452877747 3204 02f0
1776452877832 3204 0204
1776452878025 3204 0214
1776452878298 3204 0224
1776452878299 3204 0234
1776452878464 3204 0244
1776452878549 3204 0254
1776452878550 3204 0264
1776452878735 3204 0274
1776452878828 3204 0284
1776452879115 3204 0294
1776452879121 3204 02a4
1776452879276 3204 02b4
1776452879363 3204 02c4
1776452879459 3204 02d4
1776452879632 3204 02e4
1776452879724 3204 02f4
1776452879813 3204 0208
1776452880082 3204 0218
1776452880083 3204 0228
1776452880260 3204 0238
1776452880347 3204 0248
1776452880443 3204 0258
1776452880713 3204 0268
1776452880716 3204 0278
1776452880897 3204 0288
1776452880983 3204 0298
1776452881081 3204 02a8
1776452881352 3204 02b8
1776452881358 3204 02c8
1776452881438 3204 02d8
1776452881712 3204 02e8
1776452881722 3204 02f8
1776452881888 3204 020c
1776452881913 2811 00030000000000414d5601008100
1776452881969 3204 021c
1776452882061 3204 022c
1776452882386 3204 023c
1776452882388 3204 024c
1776452882513 3204 025c
1776452882630 3204 026c
1776452882706 3204 027c
1776452882966 3204 028c
1776452882967 3204 029c
1776452883052 3204 02ac
1776452883332 3204 02bc
1776452883333 3204 02cc
1776452883512 3204 02dc
1776452883610 3204 02ec
1776452883689 3204 02fc
1776452883991 3204 0200
1776452883994 3204 0210
1776452884141 3204 0220
1776452884222 3204 0230
1776452884316 3204 0240
1776452884494 3204 0250
1776452884584 3204 0260
1776452884763 3204 0270
1776452884941 3204 0280
1776452884943 3204 0290
1776452885137 3204 02a0
1776452885327 3204 02b0
1776452885328 3204 02c0
1776452885576 3204 02d0
1776452885580 3204 02e0
1776452885752 3204 02f0
1776452885843 3204 0204
1776452885937 3204 0214
1776452886114 3204 0224
1776452886204 3204 0234
1776452886388 3204 0244
1776452886562 3204 0254
1776452886563 3204 0264
1776452886768 3204 0274
1776452886832 3204 0284
1776452887029 3204 0294
1776452887198 3204 02a4
1776452887201 3204 02b4
1776452887370 3204 02c4
1776452887465 3204 02d4
1776452887558 3204 02e4
1776452887749 3204 02f4
1776452887832 3204 0208
1776452888022 3204 0218
1776452888189 3204 0228
1776452888192 3204 0238
1776452888361 3204 0248
1776452888451 3204 0258
1776452888652 3204 0268
1776452888822 3204 0278
1776452888832 2811 6a0003
1776452888833 3204 0288
1776452889010 3204 0298
1776452889087 3204 02a8
1776452889283 3204 02b8
1776452889355 3204 02c8
1776452889441 3204 02d8
1776452889645 3204 02e8
1776452889806 3204 02f8
1776452889811 3204 020c
1776452889987 3204 021c
1776452890071 3204 022c
1776452890257 3204 023c
1776452890435 3204 024c
1776452890437 3204 025c
1776452890623 3204 026c
1776452890702 3204 027c
1776452890897 3204 028c
1776452891070 3204 029c
1776452891075 3204 02ac
1776452891251 3204 02bc
1776452891445 3204 02cc
1776452891515 3204 02dc
1776452891608 3204 02ec
1776452891689 3204 02fc
1776452891873 3204 0200
1776452892251 3204 0210
1776452892258 3204 0220
1776452892263 3204 0230
1776452892323 3204 0240
1776452892506 3204 0250
1776452892592 3204 0260
1776452892690 3204 0270
1776452892867 3204 0280
1776452893044 3204 0290
1776452893146 3204 02a0
1776452893221 3204 02b0
1776452893333 3204 02c0
1776452893498 3204 02d0
1776452893679 3204 02e0
1776452893765 3204 02f0
1776452893853 3204 0204
1776452893939 3204 0214
1776452894137 3204 0224
1776452894213 3204 0234
1776452894303 3204 0244
1776452894499 3204 0254
1776452894684 3204 0264
1776452894755 3204 0274
1776452894842 3204 0284
1776452894941 3204 0294
1776452895116 3204 02a4
1776452895303 3204 02b4
1776452895389 3204 02c4
1776452895491 3204 02d4
1776452895561 3204 02e4
1776452895743 3204 02f4
1776452895839 3204 0208
1776452896115 3204 0218
1776452896120 3204 0228
1776452896302 3204 0238
1776452896370 3204 0248
1776452896464 3204 0258
1776452896553 3204 0268
1776452896744 3204 0278
1776452896918 3204 0288
1776452897005 3204 0298
1776452897194 3204 02a8
1776452897202 3204 02b8
1776452897364 3204 02c8
1776452897455 3204 02d8
1776452897639 3204 02e8
1776452897728 3204 02f8
1776452897906 3204 020c
1776452897996 3204 021c
1776452898085 3204 022c
1776452898272 3204 023c
1776452898357 3204 024c
1776452898561 3204 025c
1776452898633 3204 026c
1776452898712 3204 027c
1776452898811 3204 028c
1776452898984 3204 029c
1776452899071 3204 02ac
1776452899251 3204 02bc
1776452899340 3204 02cc
1776452899656 3204 02dc
1776452899664 3204 02ec
1776452899714 3204 02fc
1776452899984 3204 0200
1776452899986 3204 0210
1776452900148 3204 0220
1776452900240 3204 0230
1776452900329 3204 0240
1776452900513 3204 0250
1776452900604 3204 0260
1776452900697 3204 0270
1776452900881 3204 0280
1776452900958 3204 0290
1776452901146 3204 02a0
1776452901232 3204 02b0
1776452901320 3204 02c0
1776452901512 3204 02d0
1776452901598 3204 02e0
1776452901779 3204 02f0
1776452901861 3204 0204
1776452901952 3204 0214
1776452902355 3204 0224
1776452902376 3204 0234
1776452902381 3204 0244
1776452902493 3204 0254
1776452902579 3204 0264
1776452902762 3204 0274
1776452902855 3204 0284
1776452902945 3204 0294
1776452903127 3204 02a4
1776452903223 3204 02b4
1776452903391 3204 02c4
1776452903481 3204 02d4
1776452903570 3204 02e4
1776452903846 3204 02f4
1776452903850 3204 0208
1776452903930 3204 0218
1776452904116 3204 0228
1776452904205 3204 0238
1776452904381 3204 0248
1776452904477 3204 0258
1776452904569 3204 0268
1776452904743 3204 0278
1776452904833 3204 0288
1776452905023 3204 0298
1776452905110 3204 02a8
1776452905193 3204 02b8
1776452905383 3204 02c8
1776452905467 3204 02d8
1776452905569 3204 02e8
1776452905741 3204 02f8
1776452905843 3204 020c
1776452906096 3204 021c
1776452906098 3204 022c
1776452906187 3204 023c
1776452906379 3204 024c
1776452906458 3204 025c
1776452906641 3204 026c
1776452906724 3204 027c
1776452906816 3204 028c
1776452907004 3204 029c
1776452907183 3204 02ac
1776452907274 3204 02bc
1776452907377 3204 02cc
1776452907443 3204 02dc
1776452907631 3204 02ec
1776452907717 3204 02fc
1776452907816 3204 0200
1776452908005 3204 0210
1776452908080 3204 0220
1776452908259 3204 0230
1776452908341 3204 0240
1776452908437 3204 0250
1776452908622 3204 0260
1776452908710 3204 0270
1776452908885 3204 0280
1776452908969 3204 0290
1776452909060 3204 02a0
1776452909240 3204 02b0
1776452909330 3204 02c0
1776452909515 3204 02d0
1776452909608 3204 02e0
1776452909886 3204 02f0
1776452909889 3204 0204
1776452909959 3204 0214
1776452910056 3204 0224
# STRATEGY_END index=4 name=rale_baseline_control duration_s=60 pkt3203=0 pkt3204=479 mtu=100 writes_ok=1 writes_fail=0 reads_ok=0 reads_fail=0
# STRATEGY_START index=0 name=amv_handshake_dynamic_verbatim ts=1776452910482 actions=0 mtu=100
1776452910509 3204 0234
1776452910540 3204 0244
# mtu_changed mtu=100 status=0
1776452910587 3204 0254
1776452910588 3204 0264
# write 2821 status=0
1776452910678 3204 0274
1776452910781 2811 00030000000000414d5604006800
1776452910782 2811 00030000000000414d5616006a00
1776452910782 2811 00060000000000414d56000000
# script: discard 00030000000000414d5604006800
# script: discard 00030000000000414d5616006a00
# write 2821 status=0
1776452910858 3204 0284
1776452910965 3204 0294
1776452911038 2811 00010000000000414d560400006b0002
# script: pfxEnum=6b reply=00010000000000414d560400006b0002
# write 2821 status=0
# write 2821 status=0
1776452911324 3204 02a4
1776452911344 3204 02b4
1776452911347 3204 02c4
# write 2821 status=0
# write 2821 status=0
1776452911581 2811 6b0012804001
1776452911582 2811 6b01000100
# write 2821 status=0
1776452911671 3204 02d4
1776452911671 3204 02e4
1776452911672 2811 6b02010202
1776452911673 2811 6b034c127a02b55385d8
1776452911758 3204 02f4
1776452911759 2811 6b04939b760e3325bd9d432fc95d631911b5
# write 2821 status=0
# write 2821 status=0
# script: discard 6b0012804001
# script: discard 6b01000100
# script: discard 6b02010202
# script: discard 6b034c127a02b55385d8
# script: discard 6b04939b760e3325bd9d432fc95d631911b5
1776452911859 3204 0208
1776452911942 2811 00010000000000414d56010000840100
1776452911944 2811 00010000000000414d561600006d0001
1776452911946 2811 c00000022b04a01397214c12b55385d87a02a00f0a526561725675653832300a526561725675653832300101030aa700
# script: discard 00010000000000414d56010000840100
# script: pfxCmd=6d reply=00010000000000414d561600006d0001
# script: base=c0 baseE1=c1 devId=c00000022b04a01397214c12b55385d87a02a00f0a526561725675653832300a526561725675653832300101030aa700
# write 2821 status=0
# write 2821 status=0
1776452912037 3204 0218
# write 2821 status=0
1776452912122 2811 6d0200
1776452912124 3204 0228
1776452912221 2811 c0410002160432810f010101010204010380100384020103da7300
1776452912226 3204 0238
# write 2821 status=0
# write 2821 status=0
1776452912298 3204 0248
1776452912390 2811 c080
# write 2821 status=0
1776452912480 3204 0258
# write 2821 status=0
1776452912568 2811 c0c2000209010480ba13039c1500
1776452912571 3204 0268
# write 2821 status=0
# write 2821 status=0
# write 2821 status=0
1776452912753 2811 c103000211010481b31301010101010101010386ad00
1776452912755 2811 c10400021a032c8201010101010206010102060101096a044a021001a47b00
1776452912756 3204 0278
# script: handshake complete — observing for 3204
1776452912843 3204 0288
1776452912927 2811 c140
1776452912950 3204 0298
# read 2a24 status=0 value=34363834
1776452913106 3204 02a8
# subscribed 6a4e3204-667b-11e3-949a-0800200c9a66
1776452913207 3204 02b8
# script: DIS-CCCD-DIS sequence complete — observing 3204
# read 2a26 status=0 value=362e33342e30
1776452913383 3204 02c8
1776452913469 3204 02d8
# read 2a25 status=0 value=33363332363136333733
1776452913568 3204 02e8
1776452913740 3204 02f8
1776452913922 3204 020c
1776452914020 3204 021c
1776452914108 3204 022c
1776452914201 3204 023c
1776452914375 3204 024c
1776452914733 3204 025c
1776452914734 3204 026c
1776452914735 3204 027c
1776452914833 3204 028c
1776452915104 3204 029c
1776452915105 3204 02ac
1776452915189 3204 02bc
1776452915459 3204 02cc
1776452915464 3204 02dc
1776452915663 3204 02ec
1776452916001 3204 02fc
1776452916181 3204 0200
1776452916188 3204 0210
1776452916192 3204 0220
1776452916359 3204 0230
1776452916365 3204 0240
1776452916444 3204 0250
1776452916621 3204 0260
1776452916710 3204 0270
1776452916803 3204 0280
1776452916979 3204 0290
1776452917624 3204 02a0
1776452917626 3204 02b0
1776452917704 3204 02c0
1776452917709 3204 02d0
1776452917717 3204 02e0
1776452917797 3204 02f0
1776452917976 3204 0204
1776452917977 3204 0214
1776452918147 3204 0224
1776452918240 3204 0234
1776452918696 3204 0244
1776452918699 3204 0254
1776452918700 3204 0264
1776452918700 3204 0274
1776452918959 3204 0284
1776452918960 3204 0294
1776452919119 3204 02a4
1776452919318 3204 02b4
1776452919320 3204 02c4
1776452919590 3204 02d4
1776452919591 3204 02e4
1776452919699 3204 02f4
1776452920044 3204 0208
1776452920047 3204 0218
1776452920263 3204 0228
1776452920264 3204 0238
1776452920342 3204 0248
1776452920502 3204 0258
1776452920578 3204 0268
1776452920859 3204 0278
1776452920861 3204 0288
1776452920940 3204 0298
1776452921304 3204 02a8
1776452921305 3204 02b8
1776452921305 3204 02c8
1776452921488 3204 02d8
1776452921575 3204 02e8
1776452921845 3204 02f8
1776452921845 3204 020c
1776452921928 3204 021c
1776452922112 3204 022c
1776452922206 3204 023c
1776452922381 3204 024c
1776452922566 3204 025c
1776452922567 3204 026c
1776452922838 3204 027c
1776452922841 3204 028c
1776452923016 3204 029c
1776452923104 3204 02ac
1776452923189 3204 02bc
1776452923469 3204 02cc
1776452923477 3204 02dc
1776452923554 3204 02ec
1776452923734 3204 02fc
1776452924093 3204 0200
1776452924094 3204 0210
1776452924095 3204 0220
1776452924269 3204 0230
1776452924452 3204 0240
1776452924453 3204 0250
1776452924631 3204 0260
1776452924718 3204 0270
1776452924822 3204 0280
1776452925079 3204 0290
1776452925080 3204 02a0
1776452925354 3204 02b0
1776452925355 3204 02c0
1776452925447 3204 02d0
1776452925619 3204 02e0
1776452925710 3204 02f0
1776452925896 3204 0204
1776452926085 3204 0214
1776452926103 3204 0224
1776452926258 3204 0234
1776452926463 3204 0244
1776452926475 3204 0254
1776452926705 3204 0264
1776452926705 3204 0274
1776452926887 3204 0284
1776452927002 3204 0294
1776452927101 3204 02a4
1776452927244 3204 02b4
1776452927328 3204 02c4
1776452927513 3204 02d4
1776452927687 3204 02e4
1776452927780 3204 02f4
1776452927875 3204 0208
1776452928327 3204 0218
1776452928327 3204 0228
1776452928416 3204 0238
1776452928419 3204 0248
1776452928509 3204 0258
1776452928686 3204 0268
1776452928779 3204 0278
1776452928867 3204 0288
1776452928961 3204 0298
1776452929048 3204 02a8
1776452929324 3204 02b8
1776452929325 3204 02c8
1776452929502 3204 02d8
1776452929590 3204 02e8
1776452929678 3204 02f8
1776452929860 3204 020c
1776452929947 3204 021c
1776452930125 3204 022c
1776452930308 3204 023c
1776452930309 3204 024c
1776452930507 3204 025c
1776452930581 3204 026c
1776452930911 3204 027c
1776452930973 3204 028c
1776452931023 3204 029c
1776452931101 3204 02ac
1776452931189 3204 02bc
1776452931385 3204 02cc
1776452931572 3204 02dc
1776452931573 3204 02ec
1776452931759 3204 02fc
1776452931829 3204 0200
1776452932021 3204 0210
1776452932111 3204 0220
1776452932202 3204 0230
1776452932380 3204 0240
1776452932470 3204 0250
1776452932564 3204 0260
1776452932745 2f14 0060000000001a00000000
1776452932924 3204 0270
1776452933010 3204 0280
1776452933011 2f14 0102ff1f
1776452933011 2f14 0060000000001a00000000
1776452933019 2f14 0203
1776452933024 3204 0290
1776452933144 3204 02a0
1776452933194 3204 02b0
1776452933390 3204 02c0
1776452933552 3204 02d0
1776452933553 3204 02e0
1776452933693 3204 02f0
1776452933852 3204 0204
1776452933942 3204 0214
1776452934123 3204 0224
1776452934303 3204 0234
1776452934305 3204 0244
1776452934487 3204 0254
1776452934572 3204 0264
1776452934759 3204 0274
1776452934843 3204 0284
1776452934931 3204 0294
1776452935119 3204 02a4
1776452935298 3204 02b4
1776452935386 3204 02c4
1776452935472 3204 02d4
1776452935561 3204 02e4
1776452935745 3204 02f4
1776452935922 3204 0208
1776452935922 3204 0218
1776452936104 3204 0228
1776452936194 3204 0238
1776452936372 3204 0248
1776452936461 3204 0258
1776452936551 3204 0268
# disconnected status=19 at 2026-04-17 20:08:56
# STRATEGY_END index=0 name=amv_handshake_dynamic_verbatim duration_s=26 pkt3203=0 pkt3204=212 mtu=100 writes_ok=19 writes_fail=0 reads_ok=3 reads_fail=0
# connected status=0, discovering services
# service 6a4e2800-667b-11e3-949a-0800200c9a66
# char 6a4e2803-667b-11e3-949a-0800200c9a66 [RWw]
# char 6a4e2810-667b-11e3-949a-0800200c9a66 [RWwN]
# char 6a4e2820-667b-11e3-949a-0800200c9a66 [Ww]
# char 6a4e2811-667b-11e3-949a-0800200c9a66 [RWwN]
# char 6a4e2821-667b-11e3-949a-0800200c9a66 [Ww]
# char 6a4e2812-667b-11e3-949a-0800200c9a66 [RWwN]
# char 6a4e2822-667b-11e3-949a-0800200c9a66 [Ww]
# service 6a4e3200-667b-11e3-949a-0800200c9a66
# char 6a4e3203-667b-11e3-949a-0800200c9a66 [N]
# char 6a4e3204-667b-11e3-949a-0800200c9a66 [N]
# service 6a4e2f00-667b-11e3-949a-0800200c9a66
# char 6a4e2f11-667b-11e3-949a-0800200c9a66 [WI]
# char 6a4e2f12-667b-11e3-949a-0800200c9a66 [N]
# char 6a4e2f14-667b-11e3-949a-0800200c9a66 [N]
# defer cccd 6a4e3204 (post-handshake subscribe)
# subscribed 6a4e2f11-667b-11e3-949a-0800200c9a66
# subscribed 6a4e2f12-667b-11e3-949a-0800200c9a66
# subscribed 6a4e2f14-667b-11e3-949a-0800200c9a66
# subscribed 6a4e3203-667b-11e3-949a-0800200c9a66
1776452942012 2812 00060000000000414d56000001
# subscribed 6a4e2810-667b-11e3-949a-0800200c9a66
1776452942093 3203 12
# subscribed 6a4e2811-667b-11e3-949a-0800200c9a66
1776452942167 2812 00010000000000414d560400006e0002
1776452942168 2f14 0100ff11
1776452942168 2f14 00a0000000001200000000
1776452942168 2f14 0203
# subscribed 6a4e2812-667b-11e3-949a-0800200c9a66
1776452942219 3203 12
# ops idle — starting strategy cycle
# STRATEGY_START index=0 name=amv_handshake_dynamic_verbatim ts=1776452942251 actions=0 mtu=23
# mtu_changed mtu=100 status=0
1776452942272 2812 6e0012804001
1776452942363 2812 6e01000100
1776452942366 3203 12
# write 2821 status=0
1776452942426 2812 00030000000000414d5604006e00
1776452942426 2811 00060000000000414d56000000
1776452942427 2812 0004000000000000000000006e
1776452942454 3203 12
# write 2821 status=0
1776452942574 2811 00010000000000414d560400006f0002
1776452942574 3203 12
# script: pfxEnum=6f reply=00010000000000414d560400006f0002
# write 2821 status=0
1776452942694 2811 6f0012804001
# write 2821 status=0
1776452942754 3203 12
1776452942784 2811 6f01000100
1776452942844 3203 12
# write 2821 status=0
1776452942964 2811 6f02010202
1776452942965 3203 12
# write 2821 status=0
1776452943054 2811 6f034c127a02b55385d8
1776452943083 3203 12
# write 2821 status=0
1776452943174 2811 6f04939b760e3325bd9d432fc95d631911b5
1776452943234 3203 12
# write 2821 status=0
# write 2821 status=0
# script: discard 6f0012804001
# script: discard 6f01000100
# script: discard 6f02010202
# script: discard 6f034c127a02b55385d8
# script: discard 6f04939b760e3325bd9d432fc95d631911b5
1776452943325 2811 00010000000000414d56010000800100
# script: discard 00010000000000414d56010000800100
1776452943327 2811 800000022b04a01397214c12b55385d87a02a00f0a526561725675653832300a526561725675653832300101030aa700
1776452943328 3203 12
1776452943328 2811 00010000000000414d56160000710001
# script: discard 800000022b04a01397214c12b55385d87a02a00f0a526561725675653832300a526561725675653832300101030aa700
# script: pfxCmd=71 reply=00010000000000414d56160000710001
1776452943444 2812 0004000000000000000000006e
1776452943504 3203 12
1776452943624 3203 12
1776452943715 3203 12
1776452943839 3203 12
1776452943956 3203 12
1776452944074 3203 12
1776452944209 3203 12
1776452944304 2811 800000022b04a01397214c12b55385d87a02a00f0a526561725675653832300a526561725675653832300101030aa700
# script: base=80 baseE1=81 devId=800000022b04a01397214c12b55385d87a02a00f0a526561725675653832300a526561725675653832300101030aa700
1776452944332 3203 12
# write 2821 status=0
# write 2821 status=0
# write 2821 status=0
1776452944389 2811 710200
1776452944418 2812 0004000000000000000000006e
1776452944419 2811 80410002160432810f010101010204010380100384020103da7300
1776452944449 3203 12
# write 2821 status=0
# write 2821 status=0
1776452944629 3203 12
1776452944659 2811 8080
# write 2821 status=0
1776452944749 3203 12
1776452944809 2811 80c2000209010480ba13039c1500
# write 2821 status=0
1776452944871 3203 12
1776452944958 3203 12
# write 2821 status=0
1776452945020 2811 8103000211010481b31301010101010101010386ad00
1776452945021 2811 810400021a032c8201010101010206010102060101096a044a021001a47b00
# write 2821 status=0
1776452945082 3203 12
# write 2821 status=0
1776452945139 2811 8140
# script: handshake complete — observing for 3204
1776452945199 3203 12
# read 2a24 status=0 value=34363834
1776452945378 3203 12
# subscribed 6a4e3204-667b-11e3-949a-0800200c9a66
1776452945439 2812 0004000000000000000000006e
1776452945498 3203 12
1776452945624 3203 12
# script: DIS-CCCD-DIS sequence complete — observing 3204
# read 2a26 status=0 value=362e33342e30
# read 2a25 status=0 value=33363332363136333733
1776452945714 3203 42
1776452945828 3203 62
1776452945954 3203 92
1776452946103 3203 b2
1776452946254 3203 e2
1776452946373 3203 02
1776452946490 2812 0004000000000000000000006e
1776452946491 3203 32
1776452946579 3203 52
1776452946698 3203 82
1776452946850 3203 a2
1776452947005 3203 d2
1776452947121 3203 f2
1776452947269 3203 22
1776452947332 3203 42
1776452947419 2812 0004000000000000000000006e
1776452947448 3203 62
1776452947603 3203 92
1776452947759 3203 b2
1776452947871 3203 e2
1776452947992 3203 02
1776452948115 3203 32
1776452948205 3203 52
1776452948353 3203 82
1776452948473 3203 a2
1776452948594 3203 d2
1776452948740 3203 f2
1776452948862 3203 22
1776452948950 3203 42
1776452949103 3203 72
1776452949236 3203 92
1776452949342 3203 c2
1776452949495 3203 e2
1776452949496 2f14 0060000000001200000000
1776452949614 3203 12
1776452949734 3203 32
1776452949852 3203 62
1776452949968 3203 82
1776452950125 3203 b2
1776452950239 3203 d2
1776452950361 3203 02
1776452950481 3203 22
1776452950605 3203 52
1776452950719 3203 72
1776452950839 3203 a2
1776452950959 3203 c2
1776452951112 3203 f2
1776452951229 3203 12
1776452951349 3203 42
1776452951470 3203 62
1776452951620 3203 92
1776452951711 3203 b2
1776452951859 3203 e2
1776452951980 3203 02
1776452952101 3203 32
1776452952225 3203 52
1776452952340 3203 82
1776452952493 3203 a2
1776452952578 3203 d2
1776452952729 3203 f2
1776452952849 3203 22
1776452952979 3203 42
1776452953091 3203 72
1776452953210 3203 92
1776452953392 3203 c2
1776452953485 3203 e2
1776452953603 3203 12
1776452953721 3203 32
1776452953840 3203 62
1776452953961 3203 82
1776452954083 3203 b2
1776452954234 3203 d2
1776452954355 3203 02
1776452954475 3203 22
1776452954591 3203 52
1776452954714 3203 72
1776452954837 3203 a2
1776452954960 3203 c2
1776452955099 3203 f2
1776452955221 3203 12
1776452955339 3203 42
1776452955463 3203 62
1776452955584 3203 92
1776452955749 3203 b2
1776452955849 3203 e2
1776452955973 3203 02
1776452956090 3203 32
1776452956242 3203 52
1776452956329 3203 82
1776452956456 3203 a2
1776452956607 3203 d2
1776452956722 3203 f2
1776452956839 3203 22
1776452956969 3203 42
1776452957080 3203 72
1776452957204 3203 92
1776452957355 3203 c2
1776452957469 3203 e2
1776452957602 3203 12
1776452957716 3203 32
1776452957830 3203 62
1776452957953 3203 82
1776452958132 3203 b2
1776452958223 3203 d2
1776452958341 3203 02
1776452958459 3203 22
1776452958581 3203 52
1776452958701 3203 72
1776452958857 3203 a2
1776452958971 3203 c2
1776452959091 3203 f2
1776452959212 3203 12
1776452959330 3203 32
1776452959460 3203 62
1776452959606 3203 82
1776452959722 3203 b2
1776452959869 3203 e2
1776452959959 3203 02
1776452960097 3203 22
1776452960230 3203 52
1776452960350 3203 72
1776452960474 3203 a2
1776452960589 3203 c2
1776452960739 3203 f2
1776452960829 3203 12
1776452960957 3203 42
1776452961100 3203 62
1776452961220 3203 92
1776452961461 3203 b2
1776452961668 3203 e2
1776452961730 3203 02
# disconnected status=19 at 2026-04-17 20:09:21
# STRATEGY_END index=0 name=amv_handshake_dynamic_verbatim duration_s=19 pkt3203=155 pkt3204=0 mtu=100 writes_ok=19 writes_fail=0 reads_ok=3 reads_fail=0
# connected status=0, discovering services
# service 6a4e2800-667b-11e3-949a-0800200c9a66
# char 6a4e2803-667b-11e3-949a-0800200c9a66 [RWw]
# char 6a4e2810-667b-11e3-949a-0800200c9a66 [RWwN]
# char 6a4e2820-667b-11e3-949a-0800200c9a66 [Ww]
# char 6a4e2811-667b-11e3-949a-0800200c9a66 [RWwN]
# char 6a4e2821-667b-11e3-949a-0800200c9a66 [Ww]
# char 6a4e2812-667b-11e3-949a-0800200c9a66 [RWwN]
# char 6a4e2822-667b-11e3-949a-0800200c9a66 [Ww]
# service 6a4e3200-667b-11e3-949a-0800200c9a66
# char 6a4e3203-667b-11e3-949a-0800200c9a66 [N]
# char 6a4e3204-667b-11e3-949a-0800200c9a66 [N]
# service 6a4e2f00-667b-11e3-949a-0800200c9a66
# char 6a4e2f11-667b-11e3-949a-0800200c9a66 [WI]
# char 6a4e2f12-667b-11e3-949a-0800200c9a66 [N]
# char 6a4e2f14-667b-11e3-949a-0800200c9a66 [N]
# defer cccd 6a4e3204 (post-handshake subscribe)
# subscribed 6a4e2f11-667b-11e3-949a-0800200c9a66
# subscribed 6a4e2f12-667b-11e3-949a-0800200c9a66
# subscribed 6a4e2f14-667b-11e3-949a-0800200c9a66
# subscribed 6a4e3203-667b-11e3-949a-0800200c9a66
# subscribed 6a4e2810-667b-11e3-949a-0800200c9a66
# subscribed 6a4e2811-667b-11e3-949a-0800200c9a66
1776452970762 3203 52
# subscribed 6a4e2812-667b-11e3-949a-0800200c9a66
# ops idle — starting strategy cycle
# STRATEGY_START index=0 name=amv_handshake_dynamic_verbatim ts=1776452970837 actions=0 mtu=23
# mtu_changed mtu=100 status=0
1776452970891 2f14 0100ff11
1776452970910 2f14 0060000000001200000000
# write 2821 status=0
1776452970969 2f14 0203
1776452970999 3203 52
1776452971000 3203 52
1776452971030 2811 00060000000000414d56000001
# write 2821 status=0
1776452971119 3203 52
1776452971149 2811 00010000000000414d56040000720002
# script: pfxEnum=72 reply=00010000000000414d56040000720002
# write 2821 status=0
1776452971238 3203 52
1776452971269 2811 720012804001
# write 2821 status=0
1776452971389 3203 52
1776452971456 2811 7201000100
# write 2821 status=0
1776452971509 3203 52
1776452971539 2811 7202010202
# write 2821 status=0
1776452971632 2811 72034c127a02b55385d8
1776452971636 3203 52
# write 2821 status=0
1776452971719 2811 7204939b760e3325bd9d432fc95d631911b5
1776452971748 3203 52
# write 2821 status=0
# script: discard 720012804001
# script: discard 7201000100
# script: discard 7202010202
# script: discard 72034c127a02b55385d8
# write 2821 status=0
# script: discard 7204939b760e3325bd9d432fc95d631911b5
1776452971868 3203 52
1776452971901 2811 00010000000000414d56010000830100
1776452971902 2811 00010000000000414d56160000740001
1776452971902 2811 b00000022b04a01397214c12b55385d87a02a00f0a526561725675653832300a526561725675653832300101030aa700
# script: discard 00010000000000414d56010000830100
# script: pfxCmd=74 reply=00010000000000414d56160000740001
# script: base=b0 baseE1=b1 devId=b00000022b04a01397214c12b55385d87a02a00f0a526561725675653832300a526561725675653832300101030aa700
# write 2821 status=0
# write 2821 status=0
1776452971994 3203 52
# write 2821 status=0
1776452972019 2811 740200
1776452972079 2811 b0410002160432810f010101010204010380100384020103da7300
1776452972168 3203 52
# write 2821 status=0
# write 2821 status=0
1776452972260 3203 52
1776452972288 2811 b080
# write 2821 status=0
1776452972378 2811 b0c2000209010480ba13039c1500
1776452972378 3203 52
# write 2821 status=0
1776452972514 3203 52
# write 2821 status=0
1776452972609 2811 b103000211010481b31301010101010101010386ad00
1776452972610 2811 b10400021a032c8201010101010206010102060101096a044a021001a47b00
1776452972633 3203 52
# write 2821 status=0
# write 2821 status=0
1776452972723 2811 b140
# script: handshake complete — observing for 3204
1776452972753 3203 52
1776452972874 3203 52
# read 2a24 status=0 value=34363834
1776452972995 3203 52
# subscribed 6a4e3204-667b-11e3-949a-0800200c9a66
1776452973113 3203 52
# script: DIS-CCCD-DIS sequence complete — observing 3204
# read 2a26 status=0 value=362e33342e30
1776452973241 3203 52
# read 2a25 status=0 value=33363332363136333733
1776452973390 3203 72
1776452973515 3203 92
1776452973628 3203 c2
1776452973746 3203 e2
1776452973921 3203 12
1776452974017 3203 32
1776452974139 3203 62
1776452974258 3203 82
1776452974377 3203 b2
1776452974496 3203 d2
1776452974615 3203 02
1776452974765 3203 22
1776452974893 3203 52
1776452975013 3203 72
1776452975130 3203 a2
1776452975244 3203 c2
1776452975364 3203 f2
1776452975526 3203 12
1776452975638 3203 42
1776452975764 3203 62
1776452975874 3203 92
1776452976006 3203 b2
1776452976118 3203 d2
1776452976265 3203 02
1776452976388 3203 32
1776452976506 3203 52
1776452976628 3203 72
1776452976777 3203 a2
1776452976864 3203 d2
1776452977013 3203 f2
1776452977140 3203 12
1776452977254 3203 42
1776452977375 3203 72
1776452977503 3203 92
1776452977644 3203 b2
1776452977763 3203 e2
1776452977858 2811 00030000000000414d5604007200
1776452977859 2811 00030000000000414d5601008300
1776452977859 2811 00030000000000414d5616007400
1776452977859 2810 00060000000000414d56000000
1776452977883 3203 02
1776452977944 2810 00010000000000414d56040000750002
1776452978004 2810 750012804001
1776452978005 3203 32
1776452978094 2810 7501000100
1776452978125 3203 52
1776452978183 2810 7502010202
1776452978243 2810 75034c127a02b55385d8
1776452978244 3203 82
1776452978334 2810 7504939b760e3325bd9d432fc95d631911b5
1776452978364 3203 a2
1776452978394 2810 00010000000000414d56160000760001
1776452978396 2810 00010000000000414d56010000870100
1776452978396 2810 f00000022b04a01397214c12b55385d87a02a00f0a526561725675653832300a526561725675653832300101030aa700
1776452978455 2810 760200
1776452978515 2810 f0410002160432810f010101010204010380100384020103da7300
1776452978516 3203 d2
1776452978573 2810 f080
1776452978636 2810 f0c2000209010480ba13039c1500
1776452978636 3203 f2
1776452978694 2810 f103000211010481b31301010101010101010386ad00
1776452978696 2810 f10400021a032c8201010101010206010102060101096a044a021001a47b00
1776452978753 3203 22
1776452978754 2810 f140
1776452978873 3203 42
1776452978993 3203 72
1776452979114 3203 92
1776452979263 3203 c2
1776452979383 3203 e2
1776452979511 3203 12
1776452979625 3203 32
1776452979743 3203 62
1776452979872 2f11 2004011004
1776452979924 3203 82
1776452979996 2f11 200601090511011ffffffffe0000000000000000
1776452980044 3203 b2
1776452980045 2f14 0100ff11
1776452980117 2f11 20030129ff140064006400000000000000000000
1776452980170 3203 d2
1776452980255 3203 02
1776452980287 2f11 2003014900000000000000000000000000000000
1776452980443 2f14 0060000000001200000000
1776452980444 2f14 0203
1776452980445 3203 22
1776452980446 2f11 2003016900000000000000000000000000000000
1776452980495 3203 52
1776452980584 2f11 2003018900000000000000000000000000000000
1776452980643 3203 72
1776452980706 2f11 200301a900000000000000000000000000000000
1776452980764 3203 a2
1776452980887 3203 c2
1776452981006 3203 f2
1776452981122 3203 12
1776452981243 3203 42
1776452981365 3203 62
1776452981483 3203 92
1776452981636 3203 b2
1776452981757 3203 e2
1776452981879 3203 02
1776452981995 3203 32
1776452982116 3203 52
1776452982271 3203 82
1776452982386 3203 a2
1776452982507 3203 d2
1776452982628 3203 f2
1776452982749 3203 22
1776452982866 3203 42
1776452983017 3203 72
1776452983136 3203 92
1776452983257 3203 c2
1776452983380 3203 e2
1776452983498 3203 12
1776452983618 3203 32
1776452983810 3203 62
1776452983921 3203 82
1776452984006 3203 b2
1776452984127 3203 d2
1776452984249 3203 02
1776452984364 3203 22
1776452984576 3203 52
1776452984665 3203 72
1776452984753 3203 a2
1776452984884 3203 c2
1776452984994 3203 f2
1776452985119 3203 12
1776452985294 3203 42
1776452985445 3203 62
1776452985504 3203 92
1776452985655 3203 b2
1776452985743 3203 e2
1776452985834 2f14 0060000000001600000000
1776452985867 3203 02
1776452986045 3203 32
1776452986074 2f14 0060000000001a00000000
1776452986167 3203 52
1776452986315 3203 82
1776452986373 2f14 0100ff11
1776452986378 2f14 0060000000001a00000000
1776452986378 2f14 0203
1776452986404 3203 a2
1776452986493 3203 d2
1776452986644 3203 f2
1776452986765 3203 22
1776452986914 3203 42
1776452987035 3203 72
# disconnected status=19 at 2026-04-17 20:09:47
# STRATEGY_END index=0 name=amv_handshake_dynamic_verbatim duration_s=16 pkt3203=130 pkt3204=0 mtu=100 writes_ok=19 writes_fail=0 reads_ok=3 reads_fail=0
# connected status=0, discovering services
# service 6a4e2800-667b-11e3-949a-0800200c9a66
# char 6a4e2803-667b-11e3-949a-0800200c9a66 [RWw]
# char 6a4e2810-667b-11e3-949a-0800200c9a66 [RWwN]
# char 6a4e2820-667b-11e3-949a-0800200c9a66 [Ww]
# char 6a4e2811-667b-11e3-949a-0800200c9a66 [RWwN]
# char 6a4e2821-667b-11e3-949a-0800200c9a66 [Ww]
# char 6a4e2812-667b-11e3-949a-0800200c9a66 [RWwN]
# char 6a4e2822-667b-11e3-949a-0800200c9a66 [Ww]
# service 6a4e3200-667b-11e3-949a-0800200c9a66
# char 6a4e3203-667b-11e3-949a-0800200c9a66 [N]
# char 6a4e3204-667b-11e3-949a-0800200c9a66 [N]
# service 6a4e2f00-667b-11e3-949a-0800200c9a66
# char 6a4e2f11-667b-11e3-949a-0800200c9a66 [WI]
# char 6a4e2f12-667b-11e3-949a-0800200c9a66 [N]
# char 6a4e2f14-667b-11e3-949a-0800200c9a66 [N]
# defer cccd 6a4e3204 (post-handshake subscribe)
# subscribed 6a4e2f11-667b-11e3-949a-0800200c9a66
# subscribed 6a4e2f12-667b-11e3-949a-0800200c9a66
# subscribed 6a4e2f14-667b-11e3-949a-0800200c9a66
# subscribed 6a4e3203-667b-11e3-949a-0800200c9a66
1776453003929 2810 00060000000000414d56000001
# subscribed 6a4e2810-667b-11e3-949a-0800200c9a66
1776453003988 2810 00010000000000414d56040000780002
1776453004046 3203 12
# subscribed 6a4e2811-667b-11e3-949a-0800200c9a66
1776453004107 2f14 0100ff11
# subscribed 6a4e2812-667b-11e3-949a-0800200c9a66
1776453004166 2810 780012804001
# ops idle — starting strategy cycle
# STRATEGY_START index=0 name=amv_handshake_dynamic_verbatim ts=1776453004166 actions=0 mtu=23
1776453004166 2f14 0060000000001200000000
# mtu_changed mtu=100 status=0
1776453004197 2f14 0203
1776453004202 3203 42
1776453004223 2810 7801000100
# write 2821 status=0
1776453004283 3203 62
1776453004317 2810 7802010202
1776453004375 2810 00030000000000414d5604007800
1776453004375 2811 00060000000000414d56000000
1776453004412 2810 00040000000000000000000078
1776453004413 3203 92
# write 2821 status=0
1776453004556 2811 00010000000000414d56040000790002
1776453004557 3203 b2
# script: pfxEnum=79 reply=00010000000000414d56040000790002
# write 2821 status=0
1776453004686 2811 790012804001
1776453004687 3203 e2
# write 2821 status=0
1776453004793 2811 7901000100
1776453004794 3203 02
# write 2821 status=0
1776453004917 3203 32
1776453004944 2811 7902010202
# write 2821 status=0
1776453005047 3203 52
1776453005064 2811 79034c127a02b55385d8
# write 2821 status=0
1776453005154 2811 7904939b760e3325bd9d432fc95d631911b5
1776453005155 3203 82
1776453005274 3203 a2
# write 2821 status=0
# write 2821 status=0
# script: discard 790012804001
# script: discard 7901000100
# script: discard 7902010202
# script: discard 79034c127a02b55385d8
# script: discard 7904939b760e3325bd9d432fc95d631911b5
1776453005337 2811 00010000000000414d56010000820100
# script: discard 00010000000000414d56010000820100
1776453005364 2811 00010000000000414d561600007b0001
# script: pfxCmd=7b reply=00010000000000414d561600007b0001
1776453005402 2811 a00000022b04a01397214c12b55385d87a02a00f0a526561725675653832300a526561725675653832300101030aa700
1776453005403 2810 00040000000000000000000078
# script: base=a0 baseE1=a1 devId=a00000022b04a01397214c12b55385d87a02a00f0a526561725675653832300a526561725675653832300101030aa700
1776453005429 3203 d2
# write 2821 status=0
# write 2821 status=0
# write 2821 status=0
1776453005485 2811 7b0200
1776453005516 2811 a0410002160432810f010101010204010380100384020103da7300
1776453005547 3203 f2
# write 2821 status=0
1776453005651 3203 22
# write 2821 status=0
1776453005709 2811 a080
# write 2821 status=0
1776453005808 3203 42
1776453005862 2811 a0c2000209010480ba13039c1500
1776453005930 3203 72
# write 2821 status=0
# write 2821 status=0
1776453006039 3203 92
1776453006069 2811 a103000211010481b31301010101010101010386ad00
# write 2821 status=0
1776453006102 2811 a10400021a032c8201010101010206010102060101096a044a021001a47b00
# write 2821 status=0
1776453006162 3203 c2
1776453006192 2811 a140
# script: handshake complete — observing for 3204
1776453006279 3203 e2
# read 2a24 status=0 value=34363834
1776453006342 2f14 0060000000001a00000000
1776453006400 2810 00040000000000000000000078
1776453006401 3203 12
# subscribed 6a4e3204-667b-11e3-949a-0800200c9a66
1776453006551 3203 32
# read 2a26 status=0 value=362e33342e30
# script: DIS-CCCD-DIS sequence complete — observing 3204
1776453006670 2f14 0100ff11
1776453006670 2f14 0060000000001a00000000
1776453006670 2f14 0203
1776453006671 3203 62
# read 2a25 status=0 value=33363332363136333733
1776453006792 3203 82
1776453006912 3203 b2
1776453007047 3203 d2
1776453007158 3203 02
1776453007299 3203 22
1776453007394 2810 00040000000000000000000078
1776453007420 3203 52
1776453007539 3203 72
1776453007667 3203 a2
1776453007779 3203 c2
1776453007899 3203 f2
1776453008048 3203 12
1776453008170 3203 42
1776453008290 3203 62
1776453008409 3203 92
1776453008536 3203 b2
1776453008654 3203 e2
1776453008828 2810 00040000000000000000000078
1776453008828 3203 02
1776453008919 3203 32
1776453009049 3203 52
1776453009160 3203 82
1776453009310 3203 a2
1776453009398 2810 00040000000000000000000078
1776453009399 3203 d2
1776453009558 3203 f2
1776453009701 3203 22
1776453009790 3203 42
1776453009821 2f14 0060000000001200000000
1776453009909 3203 72
1776453010030 3203 92
1776453010149 2f14 0100ff11
1776453010179 2f14 0060000000001200000000
1776453010208 2f14 0203
1776453010209 3203 c2
1776453010297 3203 e2
1776453010421 3203 12
1776453010545 3203 32
1776453010664 3203 62
1776453010779 3203 82
1776453010901 3203 a2
1776453011049 3203 d2
1776453011172 3203 02
1776453011290 3203 22
1776453011409 3203 52
1776453011532 3203 72
1776453011589 2f14 0060000000001600000000
1776453011653 3203 a2
1776453011800 3203 c2
1776453011832 2f14 0060000000001a00000000
1776453011919 3203 e2
1776453012041 3203 12
1776453012129 2f14 0100ff11
1776453012129 2f14 0060000000001a00000000
1776453012130 2f14 0203
1776453012159 3203 32
1776453012291 3203 62
1776453012413 3203 82
1776453012550 3203 b2
1776453012676 3203 d2
1776453012799 3203 02
1776453012921 3203 22
1776453013045 3203 52
1776453013149 3203 72
1776453013299 3203 a2
1776453013419 3203 c2
1776453013546 3203 f2
1776453013697 3203 12
1776453013782 3203 42
1776453013907 3203 62
1776453014056 3203 92
1776453014172 3203 b2
1776453014291 3203 e2
1776453014292 2f14 0060000000001200000000
1776453014444 3203 02
1776453014530 3203 32
1776453014589 2f14 0100ff11
1776453014590 2f14 0060000000001200000000
1776453014590 2f14 0203
1776453014648 3203 52
1776453014799 3203 82
1776453014925 3203 a2
1776453015040 3203 d2
1776453015159 3203 f2
1776453015309 3203 22
1776453015409 3203 42
1776453015555 3203 72
1776453015670 3203 92
1776453015791 3203 c2
1776453015913 3203 e2
1776453016035 3203 12
1776453016189 3203 32
1776453016299 3203 62
1776453016424 3203 82
1776453016539 3203 b2
1776453016659 3203 d2
1776453016786 3203 02
1776453016905 3203 22
1776453017050 3203 52
1776453017201 3203 72
1776453017335 3203 a2
1776453017415 3203 c2
1776453017532 3203 f2
1776453017649 3203 12
1776453017801 3203 42
1776453017925 3203 62
1776453018044 3203 92
1776453018166 3203 b2
1776453018312 3203 e2
1776453018399 3203 02
1776453018552 3203 32
1776453018673 3203 52
1776453018791 3203 82
1776453018916 3203 a2
1776453019035 3203 d2
# disconnected status=19 at 2026-04-17 20:10:19
# STRATEGY_END index=0 name=amv_handshake_dynamic_verbatim duration_s=14 pkt3203=120 pkt3204=0 mtu=100 writes_ok=19 writes_fail=0 reads_ok=3 reads_fail=0
# connected status=0, discovering services
# service 6a4e2800-667b-11e3-949a-0800200c9a66
# char 6a4e2803-667b-11e3-949a-0800200c9a66 [RWw]
# char 6a4e2810-667b-11e3-949a-0800200c9a66 [RWwN]
# char 6a4e2820-667b-11e3-949a-0800200c9a66 [Ww]
# char 6a4e2811-667b-11e3-949a-0800200c9a66 [RWwN]
# char 6a4e2821-667b-11e3-949a-0800200c9a66 [Ww]
# char 6a4e2812-667b-11e3-949a-0800200c9a66 [RWwN]
# char 6a4e2822-667b-11e3-949a-0800200c9a66 [Ww]
# service 6a4e3200-667b-11e3-949a-0800200c9a66
# char 6a4e3203-667b-11e3-949a-0800200c9a66 [N]
# char 6a4e3204-667b-11e3-949a-0800200c9a66 [N]
# service 6a4e2f00-667b-11e3-949a-0800200c9a66
# char 6a4e2f11-667b-11e3-949a-0800200c9a66 [WI]
# char 6a4e2f12-667b-11e3-949a-0800200c9a66 [N]
# char 6a4e2f14-667b-11e3-949a-0800200c9a66 [N]
# defer cccd 6a4e3204 (post-handshake subscribe)
# subscribed 6a4e2f11-667b-11e3-949a-0800200c9a66
# subscribed 6a4e2f12-667b-11e3-949a-0800200c9a66
# subscribed 6a4e2f14-667b-11e3-949a-0800200c9a66
# subscribed 6a4e3203-667b-11e3-949a-0800200c9a66
# subscribed 6a4e2810-667b-11e3-949a-0800200c9a66
# subscribed 6a4e2811-667b-11e3-949a-0800200c9a66
1776453024104 3203 e2
# subscribed 6a4e2812-667b-11e3-949a-0800200c9a66
# ops idle — starting strategy cycle
# STRATEGY_START index=0 name=amv_handshake_dynamic_verbatim ts=1776453024165 actions=0 mtu=23
# mtu_changed mtu=100 status=0
1776453024225 2f14 0100ff11
# write 2821 status=0
1776453024278 2f14 0060000000001200000000
1776453024312 2f14 0203
1776453024312 3203 e2
1776453024368 2811 00060000000000414d56000001
1776453024369 3203 e2
# write 2821 status=0
1776453024490 3203 e2
1776453024519 2811 00010000000000414d560400007c0002
# script: pfxEnum=7c reply=00010000000000414d560400007c0002
# write 2821 status=0
1776453024608 3203 e2
1776453024642 2811 7c0012804001
# write 2821 status=0
1776453024728 3203 e2
1776453024759 2811 7c01000100
# write 2821 status=0
1776453024849 3203 e2
1776453024909 2811 7c02010202
# write 2821 status=0
1776453024968 3203 e2
1776453024998 2811 7c034c127a02b55385d8
# write 2821 status=0
1776453025091 2811 7c04939b760e3325bd9d432fc95d631911b5
1776453025091 3203 e2
# write 2821 status=0
# script: discard 7c0012804001
# script: discard 7c01000100
# script: discard 7c02010202
1776453025240 3203 e2
# write 2821 status=0
# script: discard 7c034c127a02b55385d8
# script: discard 7c04939b760e3325bd9d432fc95d631911b5
1776453025268 2811 00010000000000414d56010000850100
1776453025269 2811 d00000022b04a01397214c12b55385d87a02a00f0a526561725675653832300a526561725675653832300101030aa700
# script: discard 00010000000000414d56010000850100
# script: discard d00000022b04a01397214c12b55385d87a02a00f0a526561725675653832300a526561725675653832300101030aa700
1776453025298 2811 00010000000000414d561600007e0001
# script: pfxCmd=7e reply=00010000000000414d561600007e0001
1776453025358 3203 e2
1776453025479 3203 e2
1776453025598 3203 e2
1776453025721 3203 e2
1776453025874 3203 e2
1776453025958 3203 e2
1776453026109 3203 e2
1776453026232 3203 e2
1776453026263 2811 d00000022b04a01397214c12b55385d87a02a00f0a526561725675653832300a526561725675653832300101030aa700
# script: base=d0 baseE1=d1 devId=d00000022b04a01397214c12b55385d87a02a00f0a526561725675653832300a526561725675653832300101030aa700
# write 2821 status=0
# write 2821 status=0
# write 2821 status=0
1776453026335 2811 7e0200
1776453026336 3203 e2
1776453026365 2811 d0410002160432810f010101010204010380100384020103da7300
# write 2821 status=0
1776453026513 3203 e2
# write 2821 status=0
1776453026608 3203 e2
1776453026634 2811 d080
# write 2821 status=0
1776453026725 3203 e2
1776453026753 2811 d0c2000209010480ba13039c1500
# write 2821 status=0
1776453026849 3203 e2
1776453026967 3203 e2
# write 2821 status=0
# write 2821 status=0
1776453027088 2811 d103000211010481b31301010101010101010386ad00
1776453027089 2811 d10400021a032c8201010101010206010102060101096a044a021001a47b00
1776453027090 3203 e2
# write 2821 status=0
# script: handshake complete — observing for 3204
1776453027205 2811 d140
1776453027210 3203 e2
1776453027383 3203 e2
# read 2a24 status=0 value=34363834
1776453027473 3203 e2
# subscribed 6a4e3204-667b-11e3-949a-0800200c9a66
1776453027596 3203 e2
# read 2a26 status=0 value=362e33342e30
# script: DIS-CCCD-DIS sequence complete — observing 3204
# read 2a25 status=0 value=33363332363136333733
1776453027713 3203 e2
1776453027845 3203 12
1776453027953 3203 42
1776453028104 3203 62
1776453028224 3203 82
1776453028355 3203 b2
1776453028463 3203 e2
1776453028584 3203 02
1776453028709 3203 22
1776453028854 3203 52
1776453028975 3203 72
1776453029097 3203 a2
1776453029214 3203 c2
1776453029358 3203 f2
1776453029453 3203 12
1776453029603 3203 42
1776453029753 3203 62
1776453029853 3203 92
1776453029964 3203 b2
1776453030025 2811 00030000000000414d5604007c00
1776453030027 2811 00030000000000414d5601008500
1776453030027 2811 00030000000000414d5616007e00
1776453030041 2811 00060000000000414d56000000
1776453030084 2811 00010000000000414d560400007f0002
1776453030085 3203 e2
1776453030143 2811 7f0012804001
1776453030203 2811 7f01000100
1776453030204 3203 02
1776453030264 2811 7f02010202
1776453030328 2811 7f034c127a02b55385d8
1776453030403 3203 32
1776453030443 2811 7f04939b760e3325bd9d432fc95d631911b5
1776453030488 3203 52
1776453030507 2811 00010000000000414d56010000800100
1776453030507 2811 00010000000000414d56160000010001
1776453030508 2811 800000022b04a01397214c12b55385d87a02a00f0a526561725675653832300a526561725675653832300101030aa700
1776453030593 2811 010200
1776453030608 2811 80410002160432810f010101010204010380100384020103da7300
1776453030608 3203 82
1776453030653 2811 8080
1776453030714 3203 a2
1776453030747 2811 80c2000209010480ba13039c1500
1776453030804 2811 8103000211010481b31301010101010101010386ad00
1776453030805 2811 810400021a032c8201010101010206010102060101096a044a021001a47b00
1776453030833 3203 d2
1776453030868 2811 8140
1776453030956 3203 f2
1776453031135 3203 22
1776453031225 3203 42
1776453031350 3203 72
1776453031465 3203 92
1776453031583 3203 c2
1776453031716 3203 e2
1776453031853 3203 12
1776453031974 2f11 2004011004
1776453032064 3203 32
1776453032094 2f11 200601090511011ffffffffe0000000000000000
1776453032153 3203 62
1776453032154 2f14 0100ff11
1776453032154 2f14 0060000000001200000000
1776453032162 2f14 0203
1776453032214 3203 82
1776453032253 2f11 20030129ff140064006400000000000000000000
1776453032333 3203 b2
1776453032365 2f11 2003014900000000000000000000000000000000
1776453032458 3203 d2
1776453032515 2f11 2003016900000000000000000000000000000000
1776453032603 3203 02
1776453032695 2f11 2003018900000000000000000000000000000000
1776453032760 3203 22
1776453032844 2f11 200301a900000000000000000000000000000000
1776453032903 3203 52
1776453032963 3203 72
1776453033083 3203 a2
1776453033210 3203 c2
1776453033358 3203 f2
1776453033477 3203 12
1776453033625 3203 42
1776453033717 3203 62
1776453033834 3203 92
1776453033954 3203 b2
1776453034108 3203 e2
1776453034224 3203 02
1776453034345 3203 32
1776453034496 3203 52
1776453034606 3203 82
1776453034704 3203 a2
1776453034859 3203 d2
1776453034973 3203 f2
1776453035096 3203 22
1776453035214 3203 42
1776453035334 3203 72
1776453035462 3203 92
1776453035608 3203 c2
1776453035731 3203 e2
1776453035850 3203 12
1776453035966 3203 32
1776453036000 2f14 0060000000001600000000
1776453036084 3203 62
1776453036234 3203 82
1776453036355 3203 b2
1776453036476 3203 d2
1776453036596 3203 02
1776453036714 3203 22
1776453036836 3203 52
1776453036962 3203 72
1776453037115 3203 a2
1776453037227 3203 c2
1776453037345 3203 f2
1776453037526 2f14 0060000000001200000000
1776453037534 3203 12
1776453037587 3203 42
1776453037737 3203 62
1776453037858 3203 92
1776453037975 3203 b2
1776453038095 3203 e2
1776453038214 3203 02
1776453038340 3203 32
1776453038457 3203 52
# disconnected status=19 at 2026-04-17 20:10:38
# STRATEGY_END index=0 name=amv_handshake_dynamic_verbatim duration_s=14 pkt3203=115 pkt3204=0 mtu=100 writes_ok=19 writes_fail=0 reads_ok=3 reads_fail=0
# connected status=0, discovering services
# service 6a4e2800-667b-11e3-949a-0800200c9a66
# char 6a4e2803-667b-11e3-949a-0800200c9a66 [RWw]
# char 6a4e2810-667b-11e3-949a-0800200c9a66 [RWwN]
# char 6a4e2820-667b-11e3-949a-0800200c9a66 [Ww]
# char 6a4e2811-667b-11e3-949a-0800200c9a66 [RWwN]
# char 6a4e2821-667b-11e3-949a-0800200c9a66 [Ww]
# char 6a4e2812-667b-11e3-949a-0800200c9a66 [RWwN]
# char 6a4e2822-667b-11e3-949a-0800200c9a66 [Ww]
# service 6a4e3200-667b-11e3-949a-0800200c9a66
# char 6a4e3203-667b-11e3-949a-0800200c9a66 [N]
# char 6a4e3204-667b-11e3-949a-0800200c9a66 [N]
# service 6a4e2f00-667b-11e3-949a-0800200c9a66
# char 6a4e2f11-667b-11e3-949a-0800200c9a66 [WI]
# char 6a4e2f12-667b-11e3-949a-0800200c9a66 [N]
# char 6a4e2f14-667b-11e3-949a-0800200c9a66 [N]
# defer cccd 6a4e3204 (post-handshake subscribe)
# subscribed 6a4e2f11-667b-11e3-949a-0800200c9a66
# subscribed 6a4e2f12-667b-11e3-949a-0800200c9a66
# subscribed 6a4e2f14-667b-11e3-949a-0800200c9a66
# subscribed 6a4e3203-667b-11e3-949a-0800200c9a66
1776453050006 2810 00060000000000414d56000001
# subscribed 6a4e2810-667b-11e3-949a-0800200c9a66
1776453050123 3203 82
# subscribed 6a4e2811-667b-11e3-949a-0800200c9a66
1776453050159 2810 00010000000000414d56040000020002
# subscribed 6a4e2812-667b-11e3-949a-0800200c9a66
# ops idle — starting strategy cycle
# STRATEGY_START index=0 name=amv_handshake_dynamic_verbatim ts=1776453050230 actions=0 mtu=23
# mtu_changed mtu=100 status=0
1776453050274 2f14 0100ff11
1776453050274 2f14 0060000000001200000000
1776453050274 2f14 0203
1776453050285 3203 82
1776453050286 2810 020012804001
# write 2821 status=0
1776453050376 2810 0201000100
1776453050377 3203 82
1776453050393 2810 00030000000000414d5604000200
1776453050394 2811 00060000000000414d56000000
1776453050455 2810 00040000000000000000000002
# write 2821 status=0
1776453050484 3203 82
1776453050516 2811 00010000000000414d56040000030002
# script: pfxEnum=03 reply=00010000000000414d56040000030002
# write 2821 status=0
1776453050607 3203 82
# write 2821 status=0
1776453050664 2811 030012804001
1776453050724 2811 0301000100
1776453050753 3203 82
# write 2821 status=0
1776453050874 3203 82
1776453050937 2811 0302010202
# write 2821 status=0
1776453050994 2811 03034c127a02b55385d8
1776453050995 3203 82
# write 2821 status=0
1776453051086 2811 0304939b760e3325bd9d432fc95d631911b5
1776453051120 3203 82
# write 2821 status=0
# script: discard 030012804001
# script: discard 0301000100
# script: discard 0302010202
# script: discard 03034c127a02b55385d8
# script: discard 0304939b760e3325bd9d432fc95d631911b5
# write 2821 status=0
1776453051235 3203 82
1776453051264 2811 00010000000000414d56010000840100
1776453051266 2811 00010000000000414d56160000050001
# script: discard 00010000000000414d56010000840100
# script: pfxCmd=05 reply=00010000000000414d56160000050001
1776453051269 2811 c00000022b04a01397214c12b55385d87a02a00f0a526561725675653832300a526561725675653832300101030aa700
# script: base=c0 baseE1=c1 devId=c00000022b04a01397214c12b55385d87a02a00f0a526561725675653832300a526561725675653832300101030aa700
# write 2821 status=0
# write 2821 status=0
# write 2821 status=0
1776453051354 2811 050200
1776453051355 3203 82
1776453051386 2811 c0410002160432810f010101010204010380100384020103da7300
1776453051444 2810 00040000000000000000000002
1776453051504 3203 92
# write 2821 status=0
# write 2821 status=0
1776453051600 2811 c080
1776453051625 3203 c2
# write 2821 status=0
1776453051744 2811 c0c2000209010480ba13039c1500
1776453051745 3203 f2
# write 2821 status=0
1776453051863 3203 12
# write 2821 status=0
1776453051939 2811 c103000211010481b31301010101010101010386ad00
1776453051942 2811 c10400021a032c8201010101010206010102060101096a044a021001a47b00
# write 2821 status=0
# write 2821 status=0
1776453052029 3203 32
1776453052058 2811 c140
# script: handshake complete — observing for 3204
1776453052120 3203 62
# read 2a24 status=0 value=34363834
1776453052244 3203 82
# subscribed 6a4e3204-667b-11e3-949a-0800200c9a66
1776453052360 3203 b2
1776453052455 2810 00040000000000000000000002
1776453052479 3203 d2
# read 2a26 status=0 value=362e33342e30
# script: DIS-CCCD-DIS sequence complete — observing 3204
# read 2a25 status=0 value=33363332363136333733
1776453052628 3203 02
1776453052755 3203 32
1776453052875 3203 52
1776453052992 3203 72
1776453053112 3203 a2
1776453053238 3203 c2
1776453053387 3203 f2
1776453053474 2810 00040000000000000000000002
1776453053508 3203 12
1776453053620 3203 42
1776453053806 3203 62
1776453053859 3203 92
1776453053980 3203 b2
1776453054129 3203 e2
1776453054257 3203 02
1776453054375 3203 32
1776453054431 2810 00040000000000000000000002
1776453054491 3203 52
1776453054645 3203 82
1776453054731 3203 a2
1776453054881 3203 d2
1776453055000 3203 f2
1776453055127 3203 22
1776453055271 3203 42
1776453055362 3203 72
1776453055424 2810 00040000000000000000000002
1776453055480 3203 92
1776453055634 3203 c2
1776453055756 3203 e2
1776453055870 3203 12
1776453055990 3203 32
1776453056109 3203 62
1776453056229 3203 82
1776453056384 3203 b2
1776453056502 3203 d2
1776453056627 3203 02
1776453056747 3203 22
1776453056862 3203 52
1776453057011 3203 72
1776453057129 3203 a2
1776453057250 3203 c2
1776453057369 3203 f2
1776453057490 3203 12
1776453057611 3203 42
1776453057739 3203 62
1776453057882 3203 92
1776453058000 3203 b2
1776453058120 3203 e2
1776453058248 3203 02
1776453058359 3203 32
1776453058489 3203 52
1776453058640 3203 82
1776453058748 3203 a2
1776453058871 3203 d2
1776453058992 3203 f2
1776453059109 3203 22
1776453059235 3203 42
1776453059381 3203 72
1776453059503 3203 92
1776453059624 3203 c2
1776453059741 3203 e2
1776453059861 3203 12
1776453059985 3203 32
1776453060132 3203 62
1776453060248 3203 82
1776453060371 3203 b2
1776453060493 3203 d2
1776453060611 3203 02
1776453060730 3203 22
1776453060909 3203 52
1776453060999 3203 72
1776453061120 3203 a2
1776453061241 3203 c2
1776453061360 3203 f2
1776453061479 3203 12
1776453061635 3203 42
1776453061782 3203 62
1776453061870 3203 92
1776453061993 3203 b2
1776453062111 3203 e2
1776453062229 3203 02
1776453062380 3203 32
1776453062500 3203 52
1776453062625 3203 82
1776453062739 3203 a2
1776453062872 3203 d2
1776453062981 3203 f2
1776453063144 3203 22
1776453063283 3203 42
1776453063369 3203 72
1776453063520 3203 92
1776453063609 3203 c2
1776453063731 2f14 0060000000001a00000000
1776453063737 3203 e2
1776453063909 3203 12
1776453064004 3203 32
1776453064032 2f14 0100ff11
1776453064033 2f14 0060000000001a00000000
1776453064034 2f14 0203
1776453064128 3203 62
1776453064242 3203 82
1776453064361 3203 b2
# disconnected status=19 at 2026-04-17 20:11:04
# STRATEGY_END index=0 name=amv_handshake_dynamic_verbatim duration_s=14 pkt3203=114 pkt3204=0 mtu=100 writes_ok=19 writes_fail=0 reads_ok=3 reads_fail=0
