# bike-radar-docs sample: 3204 V2 target frames during an overtake
# window: 2 minutes centred on a rear-overtake event
# contents: ~1150 V2 target frames on char 3204, interleaved with battery
#   reads on 2a19 and a handful of 2811 status notifications.
#
# This is the *payload* portion of a RearVue 820 session - the unlock
# handshake has already happened. Feed each `3204` line through
# decode_3204.py (python) or RadarV2Decoder.kt (kotlin).
#
# Format (same as the rest of samples/):
#   <unix_ms> <char_tail_4hex> <hex_bytes_no_spaces>
#
# Notable events in this window:
#   ~20:06:53 BST: cluster of vehicle tracks appear behind the bike
#   ~20:07:25 BST: tid=96 enters reporting range at zone=1 (real ~31.7m),
#                  crosses the 25.6m boundary at 20:07:27 (b2 wraps to high
#                  values, zone rotates to 0), then approaches smoothly to
#                  ~12m before receding.
#   ~20:07:32 BST: tid=103 next overtake, shorter track.
#
# The 25.6m zone boundary is a great exercise for a decoder under test -
# naive implementations that treat byte[2] as a standalone uint8 * 0.1m
# see these as phantom 25m jumps and typically quarantine the track.
1776711960007 3204 02389c17f50f0310070080b5243b48093c09fd80
1776711960096 3204 02489c17f40f0310070080b5243950093c09fe80
1776711960274 3204 02589c17f4170310070080b5243450093c09fe80
1776711960999 3204 02689c17f4170310070080b5243150093c09fe80
1776711961000 3204 02789c17f6170310070080b5242e68093c09ff80
1776711961001 3204 02889c17f7170310070080b5242b68093c090080
1776711961001 3204 06880500001d
1776711961001 3204 02989c17f61f0310070080b5242370093c090080
1776711961003 3204 02a89c17f71f0310070080b5241f78093c090080
1776711961182 3204 02c89c17f9170310070080b5241870093c090080
1776711961268 3204 02d89c17f9170310070080b5241870093c090080
1776711961355 3204 02e89c17f91f0310070080b5241b50093c090080
1776711961534 3204 02f89c17f80f0310070080b5241f58093c090080
1776711961625 3204 020c9c17f8170310070080b5242158093c090080
1776711961714 3204 060c0500001d
1776711961716 3204 021c9c17f717031007ff80b5242158093c090080
1776711961896 3204 022c9c17f7e70210070080b5242060093c090080
1776711962526 3204 023c9c17f8bf0210070080b5241e60093c090080
1776711962527 2811 3f0026
1776711962529 2a19 5f
1776711962529 3204 024c9c17f8cf0210070080b5241d60093c090080
1776711962530 3204 025c9c17f8df0210070080b5241d60093c090080
1776711962614 3204 026c9c17f8e70210070080b5241c60093c090080
1776711962616 3204 028c9c17f6ff0210070080b5241c60093c090080
1776711962794 3204 029c9c17f50f0310070080b5241c60093c090080
1776711962885 3204 02ac9c17f41f0310070080b5241c58093c090080
1776711962975 3204 02bc9c17f4170310070080b5241c58093c090080
1776711963160 3204 02cc9c17f5270310070080b5241c58093c090080
1776711963697 3204 02dc9c17f6070310070080b5241c58093c090080
1776711963697 3204 02ec9c17f7170310070080b5241c58093c090080
1776711963697 3204 02fc9c17f83f0310070080
1776711963698 3204 02009c17f84f0310070080
1776711963699 3204 06000500001f
1776711963784 3204 02109c17f75f0310070080
1776711963878 3204 02209c17f56f0310070080
1776711963965 3204 02309c17f37f0310070080
1776711964144 3204 02409c17f38f0310070180
1776711964234 3204 02509c17f48f0310070080
1776711964417 3204 02609c17f4af0310070180
1776711964504 3204 02709c17f4b70310070180
1776711964596 3204 02809c17f3bf0310070180
1776711964776 3204 068005000020
1776711964865 3204 02909c17f3c70310070080
1776711964866 3204 02a09c17f3cf0310070180
1776711965046 3204 02b09c17f2df0310070180
1776711965137 3204 02c09c17f2d70310070080
1776711965224 3204 02d09c17f2df0310070180
1776711965407 3204 02e09c17f1e70310070180
1776711965495 3204 02f09c17f1df0310070180
1776711965766 3204 02049c17f0ef0310070180
1776711965766 3204 06040500001f
1776711965767 3204 02149c17f0070410070180
1776711965856 3204 02249c17f10f0410070180
1776711966037 3204 02349c17f2170410070180
1776711966128 3204 02449c17f21f0410070180
1776711966216 3204 02549c17f12f0410070280
1776711966395 3204 02649c17f02f0410070180
1776711966486 3204 02749c17ef3f0410070080
1776711966667 3204 02849c17ef3f0410070080
1776711966846 3204 06840500001f
1776711966848 3204 02949c17ee4f0410070180
1776711966849 3204 02a49c17ee4f0410070180
1776711967025 3204 02b49c17ed5f0410070180
1776711967027 2a19 5f
1776711967116 3204 02c49c17ed670410070180
1776711967390 3204 02d49c17ef6f0410070180
1776711967402 3204 02e49c17f06f0410070180
1776711967474 3204 02f49c17f16f0410070080
1776711967658 3204 02089c17f27f0410070180
1776711968023 3204 06080500001f
1776711968024 3204 02189c17f27f0410070180
1776711968025 3204 02289c17f37f0410070180
1776711968104 3204 02389c17f47f0410070180
1776711968106 3204 02489c17f48f0410070180
1776711968285 3204 02589c17f49f0410070180
1776711968376 3204 02689c17f3a70410070180
1776711968554 3204 02789c17f0bf0410070180
1776711968646 3204 02889c17efc70410070180
1776711968744 3204 06880500001f
1776711968744 3204 02989c17eecf0410070180
1776711969006 3204 02a89c17ecd70410070080
1776711969006 3204 02b89c17ead70410070080
1776711969094 3204 02c89c17e9df0410070080
1776711969275 3204 02d89c17e7970410070080
1776711969364 3204 02e89c17e6a70410070080
1776711969546 3204 02f89c17e59f0410070080
1776711969634 3204 020c9c17e58f0410070080
1776711969724 3204 060c0500001f
1776711969724 3204 021c9c17e59f0410070080
1776711969907 3204 022c9c17e6af0410070080d51a78cf180000fa80
1776711970353 3204 023c9c17e7b70410070080d51a7167180000fa80
1776711970354 3204 024c9c17e79f0410070080d51a6b1f180000f880
1776711970358 3204 025c9c17e7a70410070080d51a6107180000f980
1776711970358 3204 026c9c17e6af0410070080d51a59ff170000fa80
1776711970635 3204 027c9c17e4bf0410070080d51a55d7170000fb80
1776711970639 3204 028c9c17e4bf0410070080d51a58bf170000fc80
1776711970714 3204 068c0500001e
1776711970715 3204 029c9c17e5c70410070080d51a5ccf170000fd80
1776711970897 3204 02ac9c17e7cf0410070080d51a5b5f181007fd80
1776711970986 3204 02bc9c17eccf0410070080d51a6a47181007fe80
1776711971256 3204 02cc9c17eed70410070080d51a6e3f181007fe80
1776711971257 3204 02dc9c17eed70410070080d51a6f27181007fe80
1776711971344 3204 02ec9c17eed70410070080d51a6e17181007fe80
1776711971527 3204 02fc9c17efd70410070080d51a6b1f181007ff80
1776711971706 3204 02009c17f0df0410070080d51a6e27181007ff80
1776711971707 3204 06000500001d
1776711971795 3204 02109c17f2df0410070080d51a7327181007ff80
1776711971895 3204 02209c17f4df0410070080d51a7c2f1810070080
1776711971976 3204 02309c17f7df0410070080d51a832f1810070080
1776711971979 2a19 5f
1776711972165 3204 02409c17f8df0410070080d51a872f1810070080
1776711972245 3204 02509c17f9df0410070080d51a89271810070080
1776711972425 3204 02609c17f9e70410070080d51a88171810070080
1776711972522 3204 02709c17f8e70410070080d51a810f1810070080
1776711972606 3204 02809c17f6ef0410070080d51a7e171810070080
1776711972694 3204 06800500001e
1776711972879 3204 02909c17f5ef0410070080d51a7e0f1810070080
1776711972880 3204 02a09c17f5ff0410070080d51a7f0f1810070080
1776711972966 3204 02b09c17f4ef0410070080d51a81171810070080
1776711973145 3204 02c09c17f4ef0410070080d51a81171810070080
1776711973237 3204 02d09c17f5ef0410070080d51a800f1810070080
1776711973415 3204 02e09c17f7ef0410070080d51a7c071810070080
1776711973506 3204 02f09c17fbe70410070080d51a77071810070080
1776711973597 3204 02049c1703e80410070080d51a78071810070080
1776711973867 3204 02149c1705a00410070080d51a78ff1710070080
1776711973871 3204 02249c1707a80410070080d51a78ff1710070080
1776711974047 3204 02349c1709b00410070080d51a79ff1710070080
1776711974143 3204 02449c1708c00410070080d51a79f71710070080
1776711974225 3204 02549c1706c80410070080d51a7b271810070080
1776711974498 3204 02649c1705c80410070080d51a7e271810070080
1776711974500 3204 02749c17fddf0410070080d51a80271810070080
1776711974676 3204 02849c17fbe70410070080d51a841f1810070080
1776711974768 3204 06840500001f
1776711974770 3204 02949c17fb9f0410070080d51a851f1810070080
1776711974856 3204 02a49c1703a80410070080d51a851f1810070080
1776711975036 3204 02b49c1704700410070080d51a861f1810070080
1776711975128 3204 02c49c17faa70410070080d51a881f1810070080
1776711975215 3204 02d49c17f9b70410070080d51a881f1810070080
1776711975496 3204 02e49c17fa5f0410070080d51a891f1810070080
1776711975501 3204 02f49c17fcdf0310070080d51a8a1f1810070080
1776711975665 3204 02089c1703e80310070080d51a8b1f1810070080
1776711975756 3204 06080500001f
1776711975758 3204 02189c17fd270410070080d51a8c1f1810070080
1776711975846 3204 02289c17fb070410070080d51a8c171810070080
1776711976026 3204 02389c17f8370410070080d51a8d171810070080
1776711976115 3204 02489c17f62f0410070080d51a8e171810070080
1776711976295 3204 02589c17f5c70310070080d51a8f171810070080
1776711976386 3204 02689c17f6af0310070080d51a90171810070080
1776711976476 3204 02789c17f6970310070080d51a91171810070080
1776711976658 3204 02889c17f5b70310070080d51a92171810070080
1776711976755 3204 06880500001e
1776711976756 3204 02989c17f3df0310070080d51a93171810070080
1776711976925 3204 02a89c17f0070410070080d51a93171810070080
1776711977104 3204 02b89c17efcf0310070080d51a94171810070080
1776711977107 2a19 5f
1776711977108 3204 02c89c17eecf0310070080
1776711977285 3204 02d89c17eeef0310070080
1776711977376 3204 02e89c17eebf0310070080
1776711977554 3204 02f89c17f0f70310070080da17f6a7090000ff80
1776711977735 3204 000c9c17f21f0410070080da17fd7f0900000080
1776711977736 3204 020ce21acc070e00000080
1776711977829 3204 001c9c17f3370410070080da17fe670900000080
1776711977918 3204 021ce21acc070e00000080
1776711977919 3204 002c9c17f34f0410070080da17fd5f0900000080
1776711977919 3204 022ce21acb0f0e00000080
1776711978005 3204 003c9c17f42f0410070080da17f7470900000080
1776711978005 3204 023ce21aca170e00000080
1776711978095 3204 004c9c17f74f0410070080da1700480900000080
1776711978097 3204 024ce21ac81f0e00000080
1776711978276 3204 005c9c17f85f0410070080da17fa570900000080
1776711978277 3204 025ce21ac82f0e00000080
1776711978366 3204 006c9c17f86f0410070080da17f6570900000080
1776711978368 3204 026ce21ac92f0e00000080
1776711978547 3204 007c9c17f8770410070080da17f2570900000080
1776711978549 3204 027ce21acc470e00000080
1776711978735 3204 008c9c17f97f0410070080da17e6ff0910070080
1776711978735 3204 028ce21acbe70e10070080
1776711978735 3204 068c0500001f
1776711978736 3204 009c9c17f98f0410070080da17e6070a10070080
1776711978737 3204 029ce21acee70e10070080
1776711978905 3204 00ac9c17fa970410070080da17e60f0a10070080
1776711978908 3204 02ace21acfe70e10070080
1776711978994 3204 00bc9c17faa70410070080da17e6170a10070080
1776711978994 3204 02bce21ad0e70e10070080
1776711979266 3204 00cc9c17f9af0410070080da17e9270a10070080
1776711979270 3204 02cce21ad2ef0e10070080
1776711979271 3204 00dc9c17f7b70410070080da17ed370a10070080
1776711979271 3204 02dce21ad1e70e10070080
1776711979354 3204 00ec9c17f7bf0410070080da17f2370a10070080
1776711979354 3204 02ece21acfe70e10070080
1776711979536 3204 00fc9c17f8bf0410070080da17f42f0a10070080
1776711979538 3204 02fce21acce70e10070080
1776711979717 3204 00009c17f9670410070080da17f6370a10070080
1776711979718 3204 0200e21acbe70e10070080
1776711979719 3204 06000500001e
1776711979810 3204 00109c17f9ef0310070080da17fc370a1007ff80
1776711979817 3204 0210e21acbe70e10070080
1776711979899 3204 00209c17f80f0410070080da1700280a1007ff80
1776711979902 3204 0220e21acbe70e10070080
1776711979987 3204 00309c17f5270410070080da1702280a1007ff80
1776711979987 3204 0230e21acce70e10070080
1776711980172 3204 00409c17f1470410070080da1702300a1007ff80
1776711980173 3204 0240e21acce70e10070080
1776711980344 3204 00509c17f1470410070080da1701300a1007ff80
1776711980344 3204 0250e21acce70e10070080
1776711980345 3204 00609c17f14f0410070080da1700000a1007ff80
1776711980346 3204 0260e21acde70e10070080
1776711980528 3204 00709c17f4570410070080da17feef0910070080
1776711980528 3204 0270e21acde70e10070080
1776711980615 3204 00809c17f7570410070080da17fd9f0908040080
1776711980617 3204 0280e21acee70e10070080
1776711980705 3204 06800500001f
1776711980796 3204 00909c17f9570410070080da17fe9f0908040080
1776711980798 3204 0290e21acee70e10070080
1776711980980 3204 02a09c17f9570410070080da17ff8f0908040080
1776711980992 3204 02b09c17f9670410070080da17fc7f0908040080
1776711981159 3204 02c09c17f95f0410070080da17fa770908040080
1776711981245 3204 02d09c17fa570410070080da17f2670908040080
1776711981426 3204 02e09c17fa170410070080da17ef6f0908040080
1776711981515 3204 02f09c17fbf70310070080da17eb6f0908040080
1776711981605 3204 02049c17fe0f0410070080da17e3770908040080
1776711981694 3204 06040500001e
1776711981880 3204 02149c17fe1f0410070080da17df870908040080
1776711981881 3204 02249c17fd270410070080da17db870908040080
1776711981965 3204 02349c17fc470410070080da17d78f0908040080
1776711982056 2a19 5f
1776711982145 3204 02449c17fc3f0410070080da17d38f0908040080
1776711982235 3204 02549c17fd470410070080da17d3b70908040080
1776711982415 3204 02649c17ff4f0410070080da17d6bf0908040080
1776711982595 3204 02749c1700480410070080da17d99f0908040080
1776711982597 3204 02849c1701500410070080da17d26f090804ff80
1776711982780 3204 06840500001f
1776711982781 3204 02949c1701500410070080da17cc970908040080
1776711982865 3204 02a49c1700500410070080da17cca70908040080
1776711983045 3204 02b49c1701600410070080da17d19f0908040080
1776711983135 3204 02c49c1702700410070080da17d29f0908040080
1776711983223 3204 02d49c1707600410070080da17d19f090804ff80
1776711983405 3204 02e49c1709380410070080da17d2af090804ff80
1776711983585 3204 02f49c1708400410070080da17d6b7090804ff80
1776711983677 3204 02089c1702480410070080da17e39f090804ff80
1776711983767 3204 06080500001c
1776711983768 3204 02189c1701480410070080da17eb8f090804ff80
1776711983860 3204 02289c170048041007ff80da17f07f090804ff80
1776711984034 3204 02389c17ff270410070080da17fa77090804ff80
1776711984214 3204 02489c17fe270410070080da170478090804ff80
1776711984215 3204 02589c17fe0f0410070080da17fe77090804ff80
1776711984395 3204 02689c17fda70310070080da170470090804ff80
1776711984484 3204 02789c17fbc70310070080da170a70090804fe80
1776711984666 3204 02889c17fa870310070080da170e78090804ff80
1776711984756 3204 02989c17f9af031007ff80da171460090804ff80
1776711984853 3204 02a89c17f777031007ff80da171460090804ff80
1776711985024 3204 02b89c17f747031007ff80da171458090804ff80
1776711985205 3204 02c89c17f8270310070080da1716700908040080
1776711985295 3204 02d89c17f9370310070080da171860090804ff80
1776711985387 3204 02e89c17fa1f0310070080da1719600908040080
1776711985479 3204 02f89c17fb470310070080da171a58090804ff80
1776711985657 3204 020c9c17fb370310070080da171c40090804ff80
1776711985840 3204 060c0500001d
1776711985843 3204 021c9c17fd5f0310070080da171e40090804ff80
1776711985935 3204 022c9c17fe6f0310070080da171f40090804ff80
1776711986016 3204 023c9c1700280310070080da1723600908040080
1776711986105 3204 024c9c1703f00210070080da1722580908040080
1776711986286 3204 025c9c1705100310070080da172140090804ff80
1776711986378 3204 026c9c1705280310070080da1721480908040080
1776711986555 3204 027c9c1705e80210070080da172238090804ff80
1776711986645 3204 028c9c1705780210070080da172438090804ff80
1776711986825 3204 029c9c1704600210070080da172538090804ff80
1776711986914 3204 02ac9c1704880210070080da172630090804ff80
1776711987007 3204 02bc9c1703b00210070080da172630090804ff80
1776711987008 2811 3f0027
1776711987009 2a19 5f
1776711987094 3204 02cc9c170060021007ff80da172830090804ff80
1776711987274 3204 02dc9c17fe4f021007ff80da172a30090804ff80
1776711987458 3204 02ec9c24fb2f021007ff80da172c28090804ff80
1776711987544 3204 02fc9c24f677021007ff80da172e20090804ff80
1776711987635 3204 02009c24f5af0210070080da173018090804ff80
1776711987724 3204 06000500001f
1776711987724 3204 02109c24f6870210070080da173110090804ff80
1776711987908 3204 02209c24f75f0210070080da172f380908040080
1776711987995 3204 02309c24f7170210070080da1727380908040080
1776711988175 3204 02409c24f85f0210070080da171e300908040080
1776711988266 3204 02509c24f8770210070080da171e300908040080
1776711988446 3204 02609c24f89f0210070080da171e18090804ff80
1776711988536 3204 02709c24f7cf0210070080da171e10090804ff80
1776711988628 3204 02809c17f6df0210070080da1719180908040080
1776711988716 3204 06800500001e
1776711988717 3204 02909c17f6ff0210070080da1714280908040080
1776711988897 3204 02a09c17f6170310070080da170e280908040080
1776711989075 3204 02b09c17f6270310070080da170b280908040080
1776711989170 3204 02c09c17f6470310070080da1705000908040080
1776711989258 3204 02d09c17f6570310070080da1700e80808040080
1776711989346 3204 02e09c17f6670310070080da1707000908040080
1776711989525 3204 02f09c17f57f0310070080da1700e80808040080
1776711989616 3204 02049c17f68f0310070080da17fcf70808040080
1776711989795 3204 02149c17f7570310070080da17ffff0808040080
1776711989891 3204 02249c17f8670310070080da1701e00808040080
1776711990067 3204 02349c17f9770310070080da1705d80808040080
1776711990155 3204 02449c17f98f0310070080da17fcdf0808040080
1776711990245 3204 02549c17f8970310070080da17ffdf0808040080
1776711990427 3204 02649c17f79f0310070080da17ffd70808040080
1776711990514 3204 02749c17f7a70310070080da17fdd70808040080
1776711990694 3204 02849c17f7b70310070080da1705c00808040080
1776711990696 3204 068405000020
1776711990784 3204 02949c17f7cf0310070080da17fdbf0808040080
1776711990875 3204 02a49c17f7cf0310070080da17f8bf0808040080
1776711990966 3204 02b49c17f7d70310070080da17f6bf0808040080
1776711991146 3204 02c49c17f7a70310070080da17f4b70808040080
1776711991236 3204 02d49c17f6770310070080da17f1b70808040080
1776711991415 3204 02e49c17f67f0310070080da17efaf0808040080
1776711991505 3204 02f49c17f5470310070080da17eeaf0808040080
1776711991687 3204 02089c17f5270310070080da17eba70808040080
1776711991775 3204 06080500001e
1776711991775 3204 02189c17f54f0310070080da17f0a70808040080
1776711991867 3204 02289c17f56f0310070180da17f4a70808040080
1776711992047 3204 02389c17f58f0310070180da17f9a70808040080
1776711992048 2a19 5f
1776711992136 3204 02489c17f5570310070080da17f8bf0808040080
1776711992315 3204 02589c17f49f0310070080da17fbcf0808040080
1776711992404 3204 02689c17f4af0310070080da17fdc70808040080
1776711992495 3204 02789c17f4af0310070080da1700b80808040080
1776711992683 3204 02889c17f4c70310070080da1701c00808040080
1776711992768 3204 06880500001e
1776711992769 3204 02989c17f4f70310070080da1705c00808040080
1776711992858 3204 02a89c17f50f0410070080da17facf0808040080
1776711993036 3204 02b89c17f6270410070180da17fcd70808040180
1776711993127 3204 02c89c17f53f0410070080da17fee70808040080
1776711993304 3204 02d89c17f2470410070080da17ffef0808040180
1776711993394 3204 02e89c17f05f0410070080da17fe070908040180
1776711993485 3204 02f89c17f0670410070080da17fa1f0908040180
1776711993667 3204 020c9c17f0670410070080da1700280908040180
1776711993755 3204 060c0500001e
1776711993756 3204 021c9c17f1370410070080da17fc3f0908040180
1776711993937 3204 022c9c17f04f0410070080da17fd470908040180
1776711994024 3204 023c9c17ec570410070080da17fc4f0908040180
1776711994118 3204 024c9c17e5770410070080da17fc5f0908040180
1776711994294 3204 025c9c17e48f0410070080da17fb6f0908040280
1776711994389 3204 026c9c17e6970410070080da17f9670908040280
1776711994476 3204 027c9c17e98f0410070080da17f6670908040280
1776711994657 3204 028c9c17ed870410070080da17f2770908040280
1776711994745 3204 068c0500001e
1776711994749 3204 029c9c17ef870410070080da17eb9f0908040280
1776711994925 3204 02ac9c17ef7f0410070080da17eabf0908040280
1776711995016 3204 02bc9c17f0770410070080da17eac70908040280
1776711995106 3204 02cc9c17f1770410070080da17eed70908040280
1776711995284 3204 02dc9c17f26f0410070080da17eee70908040280
1776711995375 3204 02ec9c17f2270410070080da17eff70908040280
1776711995556 3204 02fc9c17f3370410070080da17efe70908040280
1776711995645 3204 02009c17f64f0410070080da17edf70908040280
1776711995735 3204 06000500001e
1776711995739 3204 02109c17f85f0410070080da17e7f70908040180
1776711995921 3204 02209c17f86f0410070080da17e4ff0908040180
1776711996008 3204 02309c17f8770410070080da17e2070a08040180
1776711996095 3204 02409c17f84f0410070080da17df0f0a08040180
1776711996276 3204 02509c17f6670410070080da17dd170a08040180
1776711996367 3204 02609c17f57f0410070080da17db170a08040180
1776711996549 3204 02709c17f5970410070080da17db1f0a08040080
1776711996638 3204 02809c17f6af0410070080da17dd370a08040080
1776711996725 3204 068005000020
1776711996726 3204 02909c17fbc70410070180da17ea4f0a08040080
1776711996915 3204 02a09c17fcd70410070080da17ef270a08040080
1776711996994 3204 02b09c17fbdf0410070080da17ee270a08040080
1776711996995 2a19 5f
1776711997182 3204 02c09c17fadf0410070080da17ef170a08040080
1776711997268 3204 02d09c17faf70410070080da17f10f0a08040080
1776711997354 3204 02e09c17f8ef0410070080da17f1ff0908040080
1776711997542 3204 02f09c17f7ef0410070080da17f10f0a08040080
1776711997624 3204 02049c17f5070510070080da17f1170a08040080
1776711997716 3204 06040500001f
1776711997717 3204 02149c17f4f70410070080da17f2070a08040080
1776711997909 3204 02249c17f3f70410070080da17f1070a08040080
1776711997987 3204 02349c17f2f70410070080da17f0ff0908040080
1776711998166 3204 02449c17f2ef0410070080da17edff0908040080
1776711998258 3204 02549c17f3570410070080da17eb070a08040080
1776711998352 3204 02649c17f3670410070080da17eaf70908040080
1776711998528 3204 02749c17f2470410070080da17e9ff0908040080
1776711998615 3204 02849c17f3670410070080da17e6ff0908040080
1776711998795 3204 06840500001e
1776711998796 3204 02949c17f4870410070080da17e4070a08040080
1776711998886 3204 02a49c17f68f0410070080da17e51f0a0804ff80
1776711998979 3204 02b49c17f79f0410070080da17e81f0a0804ff80
1776711999157 3204 02c49c17f9af0410070080da17ec170a0804ff80
1776711999244 3204 02d49c17fcbf0410070080da17ee0f0a0804ff80
1776711999427 3204 02e49c1703c80410070080da17f02f0a08040080
1776711999515 3204 02f49c1704d80410070080da17f5370a08040080
1776711999605 3204 02089c1705e00410070080da17fb470a08040080
1776711999788 3204 06080500001d
1776711999789 3204 02189c1706f80410070080da17fa470a08040080
1776711999880 3204 02289c1706000510070080da17fe470a08040080
1776711999964 3204 02389c1707000510070080da1700400a08040080
1776712000156 3204 02489c1708000510070080da1702400a08040080
1776712000236 3204 02589c170b080510070080da170c200a0804ff80
1776712000416 3204 02689c170e180510070080da1715080a0804ff80
1776712000504 3204 02789c1711200510070080da171e080a0804ff80
1776712000594 3204 02889c1713280510070080da1724080a0804ff80
1776712000775 3204 06880500001d
1776712000775 3204 02989c1713300510070080da1727f8090804ff80
1776712000864 3204 02a89c1713380510070080da1729f8090804ff80
1776712001046 3204 02b89c1713500510070080da172bf0090804ff80
1776712001135 3204 02c89c1714700510070080da172ef8090804ff80
1776712001224 3204 02d89c1716700510070080da1730000a0804ff80
1776712001404 3204 02e89c1718700510070080da1732f8090804ff80
1776712001494 3204 02f89c1719700510070080da1736e8090804fe80
1776712001676 3204 020c9c1719700510070080da173bf0090804fe80
1776712001766 3204 060c0500001c
1776712001776 3204 021c9c1715800510070080da1740f0090804fe80
1776712001859 3204 022c9c1713800510070080da1742e8090804fe80
1776712002036 3204 023c9c1711800510070080da1745000a0804fe80
1776712002037 2a19 5f
1776712002130 3204 024c9c1711800510070080da1749000a0804fe80
1776712002215 3204 025c9c1710800510070080da104d000a0804fe80
1776712002395 3204 026c9c170d880510070080da1050000a0804fe80
1776712002943 3204 027c9c170b800510070080da1051080a0804ff80
1776712002958 3204 028c9c1709800510070080da1050000a0804ff80
1776712002962 3204 068c0500001b
1776712002962 3204 029c9c1707800510070080da104ef8090804ff80
1776712003030 3204 02ac9c1704800510070080da104cf8090804ff80
1776712003031 3204 02bc9c17fe8f0510070080da1749f80908040080
1776712003114 3204 02cc9c17fa8f0510070080da1745f8090804ff80
1776712003294 3204 02dc9c17f3870510070080da1740e8090804ff80
1776712003841 3204 02ec9c17f2870510070080da173ee8090804ff80
1776712003843 3204 02fc9c17f1870510070080da173be8090804ff80
1776712003844 3204 02009c17f0870510070080da1738e8090804ff80
1776712003844 2a19 5f
1776712003845 3204 060005000019
1776712003845 3204 02109c17ef8f0510070080da1736e8090804ff80
1776712003924 3204 02209c17f1870510070080da1735a8090804ff80
1776712004016 3204 02309c17f27f0510070080da173398090804ff80
1776712004104 3204 02409c17f37f0510070080da173090090804ff80
1776712004287 3204 02509c17f27f0510070080da172e88090804ff80
1776712004375 3204 02609c17f07f0510070080da172978090804ff80
1776712004464 3204 02709c17f17f0510070080da172770090804ff80
1776712004646 3204 02809c17f17f0510070080da172568090804fe80
1776712004735 3204 068005000017
1776712004738 3204 02909c17f07f0510070080da172470090804ff80
1776712004915 3204 02a09c17f07f0510070080da172260090804ff80
1776712005005 3204 02b09c17f07f0510070080da172158090804fe80
1776712005095 3204 02c09c17f07f0510070080da171f58090804fe80
1776712005279 3204 02d09c17ef7f0510070080da171f58090804ff80
1776712005365 3204 02e09c17ed770510070080da171c900908040080
1776712005547 3204 02f09c17ec770510070080da1719880908040080
1776712005636 3204 02049c17ec770510070080da171680090804ff80
1776712005724 3204 060405000016
1776712005726 3204 02149c17ec7f0510070080da1710600908040080
1776712005910 3204 02249c17ed870510070080da1709680908040080
1776712006363 3204 02349c17ed870510070080da1704380908040080
1776712006364 3204 02449c17ed8f0510070080da17ff2f0908040080
1776712006365 3204 02549c17ed970510070080da170410090804ff80
1776712006365 3204 02649c17eb970510070080da17f9e7080804ff80
1776712006537 3204 02749c17ea970510070080da17f2ef080804ff80
1776712006624 3204 02849c17ea9f0510070080da17ebff080804ff80
1776712006714 3204 068405000017
1776712006991 3204 02949c17e9b70510070180da17e5370908040080
1776712006994 3204 02a49c17e8c70510070180da17e28f0908040080
1776712006994 3204 02b49c17e7cf0510070180da17e1770908040080
1776712006994 2a19 5f
1776712007165 3204 02c49c17e7df0510070180da17e0770908040080
1776712007800 3204 02d49c17e6df0510070180da17de7f0908040080
1776712007801 3204 02e49c10ea9f0508040180da10da870908040080
1776712007804 3204 02f49c10eaaf0508040080da10d6870908040080
1776712007804 3204 02089c10eaaf0508040080da10d3870908040080
1776712007805 3204 060805000018
1776712007806 3204 02189c10e9bf0508040180da10cf8f0908040080
1776712007889 3204 02289c10e8c70508040180da10ca970908040080
1776712007982 3204 02389c10e8cf0508040180da10c7970908040080
1776712008157 3204 02489c10e8cf0508040180da10c39f0908040080
1776712008246 3204 02589c10e7d70508040180da10bfa70908040080
1776712008515 3204 02689c10e6df0508040180da10baa70908040080
1776712008517 3204 02789c10e6e70508040180da10b7af0908040080
1776712008607 3204 02889c10e6ef0508040180da10b4af0908040080
1776712008697 3204 06880500001a
1776712008798 3204 02989c10e6070608040280
1776712008882 3204 02a89c10e5170608040280
1776712008968 3204 02b89c10e62f0608040280
1776712009147 3204 02c89c10e7470608040280
1776712009235 3204 02d89c10e74f0608040280
1776712009506 3204 02e89c10e8670608040280
1776712009510 3204 02f89c10e86f0608040280
1776712009596 3204 020c9c10e8770608040280
1776712009776 3204 060c0500001c
1776712009778 3204 021c9c10e8870608040280
1776712009867 3204 022c
1776712010140 3204 023c
1776712010142 3204 024c
1776712010226 3204 025c
1776712010405 3204 026c
1776712010498 3204 027c
1776712010680 3204 028c
1776712010768 3204 068c0500001e
1776712010769 3204 029c
1776712010854 3204 02ac
1776712011128 3204 02bc
1776712011133 3204 02cc
1776712011216 3204 02dc
1776712011394 3204 02ec
1776712011576 3204 02fc
1776712011765 3204 0200
1776712011766 3204 06000500001e
1776712011766 3204 0210
1776712011844 3204 0220
1776712012024 3204 0230
1776712012025 2811 3f0028
1776712012025 2a19 5f
1776712012567 3204 0240
1776712012569 3204 0250
1776712012569 3204 0260
1776712012745 3204 0270
1776712012746 3204 0280
1776712012747 3204 06800500001d
1776712012748 3204 0290
1776712012929 3204 02a0
1776712013107 3204 02b0
1776712013108 3204 02c0
1776712013287 3204 02d0
1776712013378 3204 02e0
1776712013467 3204 02f0361ae1f70b0000fd80
1776712013645 3204 0204361ae6cf0b0000fd80
1776712014098 3204 06040500001b
1776712014101 3204 0214361aedbf0b0000fc80
1776712014102 3204 0224361afa7f0b0000fb80
1776712014103 3204 0234361aff670b0000fa80
1776712014104 3204 0244361a00500b0000fa80
1776712014380 3204 0254361a02480b0000fa80
1776712014380 3204 0264361a00080b0000fa80
1776712014546 3204 0274361af57f0b1007fa80
1776712014635 3204 0284361af15f0b1007fa80
1776712014727 3204 068405000018
1776712014728 3204 0294361ae73f0b1007f980
1776712014997 3204 02a4361ad6f70a1007f880
1776712015000 3204 02b4361acecf0a1007f880
1776712015266 3204 02c4361ac7b70a1007f780
1776712015269 3204 02d4361ac0770a1007f780
1776712015356 3204 02e4361abe3f0a1007f880
1776712015538 3204 02f4361abf270a1007f780
1776712015625 3204 0208361ac10f0a1007f780
1776712015715 3204 060805000016
1776712015717 3204 0218361ac5e7091007f680
1776712015986 3204 0228361ac89f091007f580
1776712015990 3204 0238361ac85f091007f480
1776712016170 3204 0248361ac92f091007f480
1776712016255 3204 0258361acc07091007f4803a1aeaa70e0000fa80
1776712016346 3204 0268361ad1af081007f3803a1af3870e0000fa80
1776712016615 3204 0278361ad287081007f4803a1afa6f0e0000fa80
1776712016617 3204 0288361ad24f081007f4803a1a06380e0000fa80
1776712016706 3204 068805000012
1776712016796 3204 0298361ad43f081007f5803a1a01f80d0000f980
1776712016892 3204 02a8361ad9df071007f4803a1a1cb80d0000f780
1776712016977 3204 02b8361adf97071007f4803a1a2aa00d0000f780
1776712016978 2a19 5f
1776712017155 3204 02c8361ae667071007f5803a1a33800d0000f780
1776712017245 3204 02d8361af32f071007f5803a1a3ff80d1007f880
1776712017425 3204 02e8361afdc7061007f5803a1a41b80d1007f780
1776712017608 3204 00f8361a0098061007f6803a1a43900d1007f780
1776712017618 3204 02f83d1a9b30200000f680
1776712017622 3204 000c361a0670061007f6803a1a4a700d1007f780
1776712017625 3204 020c3d1a9c08200000f680
1776712017696 3204 060c05000011
1776712017785 3204 001c361a0d38061007f5803a1a4c780d1007f980
1776712017786 3204 021c3d1a9de01f0000f680
1776712017889 3204 002c361a1ae8051007f6803a1a42780d1007fa80
1776712017901 3204 022c3d1aa3601f0000f680
1776712017969 3204 003c361a1fc8051007f7803a1a38680d1007fa80
1776712017970 3204 023c3d1aac381f0000f680
1776712018242 3204 004c361a2398051007f7803a1a34300d1007fa80
1776712018243 3204 024c3d1abdd01e0000f480
1776712018243 3204 005c361a2868051007f7803a1a37180d1007fa80
1776712018244 3204 025c3d1ae4701e0000f280
1776712018414 3204 006c361a2d38051007f8803a1a3fe00c1007fa80
1776712018419 3204 026c3d1a0f011e0000f080
1776712018508 3204 007c361a2f30051007f8803a1a43a80c1007f980
1776712018509 3204 027c3d1a2e611e1007f080
1776712018598 3204 008c361a3120051007f9803a1a48900c1007fa80
1776712018606 3204 028c3d1a40211e1007f080
1776712018777 3204 068c05000012
1776712018778 3204 009c361a31d8041007fb803a1a4e680c1007fa80
1776712018779 3204 029c3d1a59c11d1007f080
1776712018869 3204 00ac361a2ed8041007fc803a1a50400c1007fa80
1776712018870 3204 02ac3d1a6c611d1007f080
1776712019051 3204 00bc361a2bd0041007fd803a1a52280c1007fb80
1776712019053 3204 02bc3d1a6fd11d1007f580
1776712019137 3204 00cc361a26e0041007fe803a1a51180c1007fb80
1776712019140 3204 02cc3d1a66a11d1007f580
1776712019226 3204 00dc361a1fe8041007ff803a1a4e080c1007fc80
1776712019229 3204 02dc3d1a57611d1007f580
1776712019406 3204 00ec361a14b004100700803a1a46000c1007fc80
1776712019407 3204 02ec3d1a59191d1007f580
1776712019495 3204 00fc361a0db804100700803a1a41000c1007fd80
1776712019495 3204 02fc3d1a61e91c1007f580
1776712019677 3204 0000361a06c004100700803a1a3c000c1007fd80
1776712019678 3204 02003d1a68b91c1007f580
1776712019855 3204 060005000016
1776712019857 3204 0010361a01d004100700803a1a37f00b1007fd80
1776712020036 3204 02103d1a70891c1007f580
1776712020037 3204 0020361afac704100701803a1a2dd00b1007fd80
1776712020038 3204 02203d1a7f291c1007f580411a9fd0160000fd80
1776712020040 3204 0030361af79f04100701803a1a28d00b1007fe80
1776712020041 3204 02303d1a85011c1007f580411a9be8160000ff80
1776712020124 3204 0040361af46f04100700803a1a23b00b1007fe80
1776712020125 3204 02403d1a89d11b1007f580411a98e8160000ff80
1776712020218 3204 0050361af15704100701803a1a1fc00b1007fe80
1776712020231 3204 02503d1a8da11b1007f580411a97e0160000ff80
1776712020396 3204 0060361aef7704100700803a1a1bb80b1007fe80
1776712020397 3204 02603d1a00701b1007f580411a95d8160000ff80
1776712020485 3204 0070361aeda704100700803a1a17900b1007fe80
1776712020486 3204 02703d1a00101b1007f580411a91d8160000ff80
1776712020667 3204 0080361aef9f04100700803a1a18800b1007fe80
1776712020668 3204 02803d1a00e01a1007f580411a8d001700000080
1776712020756 3204 068005000018
1776712020757 3204 0090361aef9f04100700803a1a1a780b1007fe80
1776712020757 3204 02903d1a00a01a1007f580411a8bd8160000ff80
1776712020849 3204 00a0361aef9f04100700803a1a1c680b1007fe80
1776712020935 3204 02a03d1a00701a1007f580411a90b8160000fe80
1776712021025 3204 00b0361aed9f04100700803a1a22600b1007fe80
1776712021026 3204 02b03d1a00281a1007f580411aa338171007fe80
1776712021115 3204 00c0361aeb9704100700803a1a26680b1007fe80
1776712021115 3204 02c03d1a00f8191007f580411aac18171007fd80
1776712021295 3204 00d0361aedaf031007fe803a1a2d580b1007fe80
1776712021296 3204 02d03d1a00b8191007f580411ab800171007fd80
1776712021476 3204 00e0361aef3f031007fe803a1a33500b1007fe80
1776712021477 3204 02e03d1a0088191007f580411ac1c0161007fc80
1776712021480 3204 00f0361af6e7021007ff803a1a3b180b1007fe80
1776712021480 3204 02f03d1a0040191007f580411acca8161007fc80
1776712021753 3204 0004361af8d7021007ff803a1a3f200b1007fe80
1776712021837 3204 02043d1a0010191007f580411ad2a0161007fb80
1776712021838 3204 060405000019
1776712021838 3204 0014361afbcf021007ff803a1a46180b1007ff80
1776712021839 3204 02143d1a00c8181007f580411adb98161007fb80
1776712021927 3204 0024361afc7f02100700803a1a49180b1007ff80
1776712021928 3204 0224411ae190161007fb80
1776712022018 3204 0034361afc3702100700803a1a4d080b1007ff80
1776712022021 3204 0234411ae580161007fb80
1776712022021 2a19 5f
1776712022106 3204 00443624fc0702100700803a1a4e080b1007ff80
1776712022107 3204 0244411ae678161007fa80
1776712022284 3204 00543624fcdf01100700803a1a4e080b1007ff80
1776712022374 3204 0254411ae770161007fc80
1776712022376 3204 00643624fcbf01100700803a1a4f000b1007ff80
1776712022378 3204 0264411ae770161007fc80
1776712022468 3204 00743624fec701100700803a1a52f80a1007ff80
1776712022471 3204 0274411ae750161007fc80
1776712022654 3204 00843624ffc701100700803a1054f80a1007ff80
1776712022740 3204 0284411ae740161007fc80
1776712022831 3204 06840500001a
1776712022832 3204 0094362401c001100700803a1055f00a1007ff80
1776712022833 3204 0294411aea28161007fc80
1776712022919 3204 00a4362405d001100700803a1058e80a1007ff80
1776712022931 3204 02a4411aef10161007fc80
1776712023096 3204 00b436240cc801100700803a105be00a1007ff80
1776712023097 3204 02b4411af3f8151007fc80
1776712023097 3204 00c4362411c801100700803a1a59980b10070080
1776712023097 3204 02c4411af6e8151007fc80
1776712023275 3204 00d4362413c001100700803a1a50980b10070080
1776712023277 3204 02d4411afac8151007fc80
1776712023373 3204 00e4362415c001100700803a1a49980b10070080
1776712023377 3204 02e4411afdb8151007fc80
1776712023546 3204 00f4361a17c001100700803a1a46980b10070080
1776712023547 3204 02f4411a01a1151007fc80
1776712023634 3204 0008361a19b801100700803a1a46980b10070080
1776712023636 3204 0208411a0491151007fc804410dc07060000fd80
1776712023726 3204 06080500001b
1776712023727 3204 0018361a1bb801100700803a1a46980b10070080
1776712023728 3204 0218411a0781151007fc804410dcf7050000fd80
1776712023909 3204 0028361a1cb801100700803a1a46980b10070080
1776712023910 3204 0228411a0a69151007fc804410dcf7050000fd80
1776712023995 3204 0038361a20b001100700803a1a46980b10070080
1776712023996 3204 0238411a1049151007fc804410dfe7050000fe80
1776712024178 3204 0048361a21b001100700803a1a46980b10070080
1776712024266 3204 0248411a1339151007fc804410e4c7050000fe80
1776712024267 3204 0058361a23b001100700803a1a46980b10070080
1776712024268 3204 0258411a1629151007fc804410eaaf050000fe80
1776712024354 3204 0068361a25a801100700803a1a46980b10070080
1776712024356 3204 0268411a1a09151007fc804410f2a7050000fe80
1776712024539 3204 00783a1a46900b10070080411a1ef1141007fc80
1776712024540 3204 02784410f687050000fe80
1776712024721 3204 00883a1a47900b10070080411a21e1141007fc80
1776712024724 3204 02884410ee1f061007fd80
1776712024725 3204 06880500001a
1776712024725 3204 0298411a24d1141007fc804410ee0f061007fd80
1776712024898 3204 02a8411a28b9141007fc804410ed07061007fd80
1776712024988 3204 02b8411a2d99141007fc804410edef051007fd80
1776712025165 3204 02c84410edef051007fd80
1776712025254 3204 02d84410ecc7051007fd80
1776712025345 3204 02e84410eaa7051007fd80
1776712025527 3204 02f84410e87f051007fd80
1776712025617 3204 020c4410e66f051007fd80
1776712025707 3204 060c0500001c
1776712025796 3204 021c4410e45f051007fd80
1776712025888 3204 022c4410e25f051007fd80
1776712025977 3204 023c4410e157051007fe80
1776712026167 3204 024c4410e147051007fe80
1776712026335 3204 025c4410e1ef041007fe80
1776712026427 3204 026c4410e277041007fe80461affaf150000ff80
1776712026518 3204 027c4410e72f041007fe80461afda7150000ff80
1776712026605 3204 028c4410ea47041007fe80461afc9f150000ff80
1776712026700 3204 068c0500001c
1776712026794 3204 029c4410ed07041007ff80461afe971500000080
1776712026876 3204 02ac4410f0c7031007ff80461a0da0150000ff80
1776712026976 3204 02bc4410f2bf031007ff80461a2990150000ff80
1776712027055 2a19 5f
1776712027147 3204 02cc4410f3df031007fe80461a3388150000ff80
1776712027234 3204 02dc4410f3f7031007ff80461a3d80150000ff80
1776712027421 3204 02ec4410f39f031007ff80461a4b18161007ff80
1776712027506 3204 02fc4410f557031007ff80461a5410161007ff80
1776712027596 3204 02004410f557031007ff80461a5908161007ff80
1776712027687 3204 06000500001c
1776712027776 3204 02104410f677031007ff80461a5e00161007ff80
1776712027955 3204 02204410f67f031007ff80461a65f8151007ff80
1776712028045 3204 02304410f58f031007ff80461a6cf0151007ff80
1776712028138 3204 02404410f3a70310070080461a71e8151007ff80
1776712028226 3204 02504410f397031007ff80461a74e0151007ff80
1776712028406 3204 02604410f187031007ff80461a78d8151007ff80
1776712028495 3204 02704410f067031007ff80461a00d0151007ff80
1776712028676 3204 02804410ee87031007fe80461a00c8151007ff80
1776712028767 3204 06800500001b
1776712028768 3204 02904410ed3f031007fe80461a00c0151007ff80
1776712028856 3204 02a04410ec3f031007fd80461a00b8151007ff80
1776712029041 3204 02b04410ec3f031007fd80461a00b8151007ff80
1776712029126 3204 02c04410ed3f031007fe80461a00a8151007ff80
1776712029215 3204 02d04410ef5f031007fd80461a00a0151007ff80
1776712029397 3204 02e04410f26f031007fd80461a0098151007ff80
1776712029575 3204 02f04410f47f031007fd80461a0090151007ff80
1776712029664 3204 02044410f47f031007fd80461a0088151007ff80
1776712029756 3204 06040500001a
1776712029760 3204 02144410f367031007fe80
1776712029845 3204 02244410f36f031007fe80
1776712030025 3204 02344410f26f031007fe80
1776712030213 3204 02444410f15f031007fe80
1776712030295 3204 02544410f167031007fe80
1776712030387 3204 02644410f16f031007ff80
1776712030476 3204 02744410f07f031007ff80
1776712030659 3204 02844410ef7f031007ff80
1776712030745 3204 06840500001a
1776712030747 3204 02944410ed5f031007ff80
1776712030928 3204 02a44410ec67031007ff80
1776712031015 3204 02b44410ea67031007ff80
1776712031203 3204 02c44410e96f031007ff80
1776712031287 3204 02d44410e86f031007ff80
1776712031375 3204 02e44410e657031007ff80
1776712031466 3204 02f44410e4570310070080
1776712031646 3204 02084410e3570310070080
1776712031827 3204 06080500001a
1776712031829 3204 02184410e25f0310070080
1776712031919 3204 02284410e2770310070180
1776712032007 3204 02384410e69f0310070180
1776712032009 2a19 5f
1776712032094 3204 02484410eaaf0310070180
1776712032276 3204 02584410ed7f0310070180
1776712032365 3204 02684410f15f0310070280
1776712032547 3204 02784410f4970310070380
1776712032637 3204 02884410f69f0310070380
1776712032817 3204 06880500001a
1776712032818 3204 02984410f7af0310070380
1776712032908 3204 02a84410f9b70310070380
1776712032997 3204 02b84410fcd70310070380
1776712033179 3204 02c84410fddf0310070380
1776712033265 3204 02d8441003e80310070380
1776712033444 3204 02e8441005f80310070380
1776712033536 3204 02f8441006080410070380
1776712033626 3204 020c441008180410070380
1776712033715 3204 060c0500001b
1776712033715 3204 021c44100a280410070380
1776712033894 3204 022c44100b300410070380
1776712033986 3204 023c44100d400410070380
1776712034165 3204 024c
1776712034260 3204 025c
1776712034437 3204 026c
1776712034530 3204 027c
1776712034620 3204 028c
1776712034704 3204 068c0500001c
1776712034796 3204 029c
1776712034890 3204 02ac
1776712035067 3204 02bc
1776712035154 3204 02cc
1776712035246 3204 02dc
1776712035427 3204 02ec
1776712035607 3204 02fc
1776712035607 3204 0200
1776712035696 3204 06000500001d
1776712035787 3204 0210
1776712035878 3204 0220
1776712036057 3204 0230
1776712036145 3204 0240
1776712036237 3204 0250
1776712036418 3204 0260
1776712036507 3204 0270
1776712036690 3204 0280
1776712036775 3204 06800500001e
1776712036775 3204 0290
1776712036865 3204 02a0
1776712037047 3204 02b0
1776712037048 2811 3f0029
1776712037048 2a19 5f
1776712037134 3204 02c0
1776712037225 3204 02d0
1776712037406 3204 02e0
1776712037496 3204 02f0
1776712037678 3204 0204
1776712037764 3204 06040500001d
1776712037766 3204 0214
1776712037858 3204 0224
1776712038039 3204 0234
1776712038125 3204 0244
1776712038308 3204 0254
1776712038395 3204 0264
1776712038485 3204 0274
1776712038666 3204 0284
1776712038754 3204 06840500001f
1776712038756 3204 0294
1776712038848 3204 02a4
1776712039028 3204 02b4
1776712039117 3204 02c4
1776712039296 3204 02d4
1776712039386 3204 02e4
1776712039475 3204 02f4
1776712039657 3204 0208
1776712039745 3204 06080500001d
1776712039745 3204 0218
1776712039930 3204 0228
1776712040015 3204 0238
1776712040110 3204 0248
1776712040285 3204 0258
1776712040376 3204 0268
1776712040474 3204 0278
1776712040645 3204 0288
1776712040735 3204 06880500001e
1776712040736 3204 0298
1776712040916 3204 02a8
1776712041005 3204 02b8
1776712041097 3204 02c8
1776712041275 3204 02d8
1776712041369 3204 02e8
1776712041545 3204 02f8
1776712041636 3204 020c
1776712041726 3204 060c0500001d
1776712041738 3204 021c
1776712041909 3204 022c
1776712041995 3204 023c
1776712041995 2a19 5f
1776712042177 3204 024c
1776712042265 3204 025c
1776712042361 3204 026c
1776712042545 3204 027c
1776712042625 3204 028c
1776712042716 3204 068c0500001e
1776712042720 3204 029c
1776712042895 3204 02ac
1776712042986 3204 02bc
1776712043168 3204 02cc
1776712043256 3204 02dc
1776712043348 3204 02ec
1776712043529 3204 02fc
1776712043617 3204 0200
1776712043705 3204 06000500001f
1776712043798 3204 0210
1776712043892 3204 0220
1776712043980 3204 0230
1776712044163 3204 0240
1776712044244 3204 0250
1776712044425 3204 0260
1776712044604 3204 0270
1776712044786 3204 0280
1776712044878 3204 06800500001e
1776712044880 3204 0290
1776712044881 3204 02a0
1776712044966 3204 02b0
1776712045145 3204 02c0
1776712045507 3204 02d0
1776712045512 3204 02e0
1776712045513 3204 02f0
1776712045594 3204 0204
1776712045779 3204 06040500001d
1776712045780 3204 0214601a3da81500000080
1776712045870 3204 0224601a3e90150000ff80
1776712046047 3204 0234601a3f88150000ff80
1776712046405 3204 0244601a3f68150000fe80
1776712046407 3204 0254601a3f60150000fe80
1776712046407 3204 0264601a3e58150000fe80
1776712046494 3204 0274601a3e50150000fe80
1776712046694 3204 0284601a3b48150000fe80
1776712046765 3204 06840500001e
1776712046766 3204 0294601a3ed0151007fe80
1776712046859 3204 02a4601a3bc8151007fe80
1776712047038 3204 02b4601a2fc8151007fd80
1776712047040 2a19 5e
1776712047126 3204 02c4601a1200161007fb80
1776712047216 3204 02d4601afc17161007fb80
1776712047396 3204 02e4601ae71f161007fa80
1776712047489 3204 02f4601ad807161007fa80
1776712047673 3204 0208601abdd7151007f980
1776712047847 3204 06080500001d
1776712047848 3204 0218601ab6bf151007f980
1776712047849 3204 0228601ab09f151007f980
1776712048024 3204 0238601aac8f151007fa80
1776712048118 3204 0248601aad8f151007fa80
1776712048296 3204 0258601ab457151007fa80
1776712048386 3204 0268601ab23f151007fa80
1776712048474 3204 0278601aaa2f151007fa80
1776712048655 3204 0288601aa51f151007fa80
1776712048930 3204 06880500001c
1776712048931 3204 0298601aa2ff141007fa80
1776712048931 3204 02a8601a9ee7141007fa80
1776712049021 3204 02b8601a9cef141007fa80
1776712049105 3204 02c8601a97bf141007fa80
1776712049386 3204 02d8601a989f141007fa80
1776712049392 3204 02e8601a977f141007fa80
1776712049467 3204 02f8601a9647141007f980
1776712049645 3204 020c601a9117141007f980
1776712049735 3204 060c0500001c
1776712049735 3204 021c601a8dff131007f980
1776712049916 3204 022c601a89df131007f980
1776712050005 3204 023c601a84c7131007f980
1776712050096 3204 024c601a7e9f131007f980
1776712050278 3204 025c60107aef121007f980
1776712050368 3204 026c60107adf121007f980
1776712050635 3204 027c60107cbf121007f980
1776712050726 3204 028c601083af121007fa80
1776712050727 3204 068c0500001d
1776712050727 3204 029c6010885f121007fa80
1776712050911 3204 02ac60108d3f121007fa80
1776712051087 3204 02bc6010954f121007fa80
1776712051270 3204 02cc601a9f37121007fb80
1776712051270 3204 02dc601aaa3f121007fb80
1776712051356 3204 02ec601ab637121007fb80
1776712051536 3204 02fc601ac12f121007fb80
1776712051627 3204 0200601ad2ef111007fb80
1776712051714 3204 06000500001d
1776712051715 3204 0210601adfb7111007fc80
1776712051899 3204 0220601ae59f111007fb80
1776712051986 3204 0230601aec97111007fb80
1776712051988 2a19 5e
1776712052255 3204 0240601af87f111007fb80
1776712052258 3204 0250601a0030111007fb80
1776712052346 3204 0260601afd17111007fb80
1776712052525 3204 0270601afd0f111007fb80
1776712052616 3204 0280601a03e8101007fb80
1776712052710 3204 06800500001e
1776712052889 3204 0290601a01c8101007fb80
1776712052893 3204 02a0601a00c8101007fb80671aa78f1d0000fa80
1776712052974 3204 02b0601a00c0101007fb80671aa7771d0000fa80
1776712053245 3204 02c0601affb7101007fb80671aac2f1d0000fc80
1776712053246 3204 02d0601afb6f101007fb80671aba071d0000fc80
1776712053427 3204 02e0601af557101007fb80671ac5b71c0000fb80
1776712053517 3204 02f0601aed37101007fa80671ac8671c0000fb80
1776712053606 3204 0204601ae00f101007fa80671ac2271c0000fa80
1776712053695 3204 06040500001d
1776712053875 3204 0214601ad5df0f1007fa80671ab2df1b0000fa80
1776712053875 3204 0224601ad0c70f1007fa80671aa2671c1007fa80
1776712053966 3204 0234601acca70f1007fa80671aa04f1c1007fa80
1776712054148 3204 0244601ac7870f1007f980671aa0271c1007fa80
1776712054242 3204 0254601abf570f1007f980671a9eff1b1007fa80
1776712054505 3204 0264601ab81f0f1007f880671a9de71b1007fa80
1776712054506 3204 0274601ab1f70e1007f880671a9ccf1b1007fa80
1776712054594 3204 02846010a8c70e1007f880671a9ba71b1007fa80
1776712054776 3204 02946010a08f0e1007f780671a9a7f1b1007fa80
1776712055142 3204 02a460109b7f0e1007f880671a99671b1007fa80
1776712055149 3204 02b4601095370e1007f780671a984f1b1007fa80
1776712055155 3204 02c460108c0f0e1007f780671a98271b1007fa80
1776712055226 3204 02d4601085df0d1007f780671a75a71a1007fa80
1776712055496 3204 02e4601081bf0d1007f680671a738f1a1007fa80
1776712055497 3204 02f460107d970d1007f680671a726f1a1007fa80
1776712055678 3204 0208601076670d1007f680671a670f1a1007f980
1776712055768 3204 06080500001d
1776712055769 3204 0218601073470d1007f780671a55d7191007f980
1776712055856 3204 0228601074270d1007f780671a46b7191007f980
1776712056126 3204 0238601073070d1007f780671a3d9f191007f880
1776712056127 3204 024860106fcf0c1007f780671a326f191007f880
1776712056214 3204 02586010698f0c1007f780671a261f191007f880
1776712056398 3204 0268601068a70c1007f880671a20ff181007f880
1776712056487 3204 0278601069770c1007f880671a16c7181007f880
1776712056757 3204 0288601069570c1007f880671a11a7181007f880
1776712056758 3204 06880500001c
1776712056759 3204 0298601067270c1007f880671a0a6f181007f880
1776712056847 3204 02a8601065070c1007f880671a054f181007f880
1776712057114 3204 02b8601061d70b1007f880671afe16181007f880
1776712057117 2a19 5e
1776712057118 3204 02c860105fb70b1007f880671af9f6171007f880
1776712057298 3204 02d860105b7f0b1007f880671af2be171007f880
1776712057388 3204 02e86010595f0b1007f880671aed96171007f880
1776712057476 3204 02f86010552f0b1007f880671ae666171007f880
1776712057750 3204 020c6010530f0b1007f880671ae246171007f880
1776712057752 3204 060c0500001d
1776712057752 3204 021c601056570b1007fb80671adb0e171007f880
1776712057924 3204 022c6010616f0b1007fb80671ad6e6161007f880
1776712058016 3204 023c601077370b1007fb80671acfb6161007f880
1776712058105 3204 024c6010821f0b1007fc80671aca8e161007f880
1776712058285 3204 025c601089e70a1007fc80671ac35e161007f880
1776712058375 3204 026c60108acf0a1007fc80671abe36161007f880
1776712058466 3204 027c60108aaf0a1007fb80671ab916161007f880
1776712058738 3204 028c60108a970a1007fc80671ab2de151007f880
1776712058739 3204 068c0500001d
1776712058740 3204 029c601088470a1007fc80671aaba6151007f880
1776712058918 3204 02ac6010872f0a1007fb80671aa686151007f880
1776712059005 3204 02bc6010861f0a1007fb80
1776712059096 3204 02cc601086170a1007fc80
1776712059366 3204 02dc601088f7091007fc80
1776712059367 3204 02ec601089e7091007fb80
1776712059545 3204 02fc601089df091007fb80
1776712059636 3204 0200601089d7091007fc80
1776712059725 3204 06000500001d
1776712059725 3204 021060108aaf091007fc80
1776712059922 3204 022060108b9f091007fc80
1776712059997 3204 023060108b8f091007fc80
1776712060182 3204 024060108a57091007fb80
1776712060356 3204 025060108917091007fb80
1776712060356 3204 02606010890f091007fb80
1776712060535 3204 027060108907091007fb80
1776712060626 3204 0280601089ff081007fb80
1776712060715 3204 029060108d07091007fc80
1776712060986 3204 02a0601091f7081007fc80
1776712060988 3204 02b0601096df081007fc80
1776712061166 3204 02c060109cd7081007fc80
1776712061257 3204 02d06010a3c7081007fc80
1776712061347 3204 02e06010a8c7081007fc80
1776712061525 3204 02f06010adb7081007fc80
1776712061617 3204 02046010b38f081007fc80
1776712061704 3204 06040500001d
1776712061795 3204 0214601aba6f081007fc80
1776712061978 3204 0224601abf57081007fc80
1776712061979 3204 0234601ac647081007fc80
1776712061980 2811 3f002a
1776712061980 2a19 5e
1776712062158 3204 0244601aca1f081007fb80
1776712062246 3204 0254601ad2ef071007fb80
1776712062427 3204 0264601ad7df071007fb80
1776712062610 3204 0274601adfc7071007fb80
1776712062611 3204 0284601ae4b7071007fb80
1776712062785 3204 0294601aea7f071007fa80
1776712062875 3204 02a4601aee5f071007fa80
1776712062965 3204 02b4601af247071007fa80
1776712063148 3204 02c4601af62f071007fa80
1776712063235 3204 02d4601af91f071007fa80
1776712063416 3204 02e4601afbef061007fa80
1776712063596 3204 02f4601afccf061007fa80
1776712063687 3204 0208601afba7061007fa80
1776712063775 2a19 5e
1776712063775 3204 06080500001e
1776712063776 3204 0218601af967061007fa80
1776712063874 3204 0228601af947061007fa80
1776712064045 3204 0238601afa2f061007fa80
1776712064225 3204 0248601afa17061007fa80
1776712064226 3204 0258601afbf7051007fa80
1776712064495 3204 0268601afacf051007fa80
1776712064497 3204 0278601afabf051007fb80
1776712064677 3204 0288601af99f051007fb80
1776712064862 3204 06880500001f
1776712064863 3204 0298601af887051007fb80
1776712064864 3204 02a8601af95f051007fa80
1776712065035 3204 02b8601afa57051007fb80
1776712065226 3204 02c8601afb2f051007fb80
1776712065231 3204 02d8601afbff041007fc80
1776712065400 3204 02e8601afbff041007fc80
1776712065485 3204 02f8601af9d7041007fb80
1776712065666 3204 020c601af9cf041007fc80
1776712065851 3204 021c601af8bf041007fc80
1776712065852 3204 022c601af78f041007fc80731ac57f0f0000fc80
1776712066028 3204 023c601af68f041007fc80731ac45f0f0000fc80
1776712066116 3204 024c601af76f041007fd80731ac3670f0000fc80
1776712066296 3204 025c601af84f041007fd80731ac4270f0000fb80
1776712066387 3204 026c601afa47041007fd80731ac50f0f0000fb80
1776712066475 3204 027c601afa3f041007fd80731ac6ff0e0000fb80
1776712066658 3204 028c601afb37041007fd80731ac7ef0e0000fb80
1776712066839 3204 029c601afc27041007fd80731ac9ef0e0000fb80
1776712066925 3204 02ac601afc07041007fd80731acbb70e0000fb80
1776712067015 3204 02bc601afcef031007fd80731ac32f0f1007fb80
1776712067017 2a19 5e
1776712067105 3204 02cc601afac7031007fd80731ac2070f1007fb80
1776712067286 3204 02dc601af9af031007fd80731ac5f70e1007fb80
1776712067465 3204 02ec601af9a7031007fd80731ac9cf0e1007fb80
1776712067466 3204 02fc601afa9f031007fd80731acdaf0e1007fb80
1776712067650 3204 0200601afb97031007fd80731ad19f0e1007fb80
1776712067737 3204 06000500001e
1776712067739 3204 0210601afc8f031007fd80731ad66f0e1007fa80
1776712067917 3204 0220601afd67031007fe80731ad95f0e1007fa80
1776712068006 3204 0230601afe57031007fe80731adc470e1007fb80
1776712068100 3204 0240601afe57031007fe80731ade1f0e1007fa80
1776712068366 3204 0250601afe3f031007fe80731ae0070e1007fa80
1776712068368 3204 0260601a0128031007fe80731ae1ef0d1007fa80
1776712068546 3204 0270601a0610031007fe80731ae3cf0d1007fa80
1776712068726 3204 0280601a0a10031007fe80731ae79f0d1007fa80
1776712068727 3204 06800500001e
1776712068727 3204 0290601a0b08031007fe80731ae97f0d1007fa80
1776712068905 3204 02a0601a0c08031007ff80731aed4f0d1007fa80
1776712069085 3204 02b0601a0b08031007ff80731aee370d1007fa80
1776712069178 3204 02c0601a0908031007ff80731aed0f0d1007fa80
1776712069268 3204 02d0601a0500031007ff80731aecef0c1007fa80
1776712069356 3204 02e0601a0400031007ff80731aead70c1007fa80
1776712069535 3204 02f0601a0300031007ff80731ae7bf0c1007fa80
1776712069629 3204 0204601a0300031007ff80731ae3af0c1007fa80
1776712069717 3204 06040500001e
1776712069809 3204 0214601a05f8021007ff80731ada7f0c1007fa80
1776712069896 3204 0224601a05f8021007ff80731ada670c1007fa80
1776712070076 3204 0234601a04f0021007fe80731ada4f0c1007fa80
1776712070170 3204 0244601a02f0021007ff80731adb470c1007fb80
1776712070255 3204 0254601afeef021007fe80731ae0470c1007fb80
1776712070345 3204 0264601afee7021007fe80731af0170c1007fb80
1776712070525 3204 0274601a02d8021007fe80731af81f0c1007fb80
1776712070714 3204 0284601a02d8021007fe80731aff070c1007fb80
1776712070718 3204 06840500001d
1776712070800 3204 0294601a02d0021007fe80731a07d80b1007fa80
1776712070886 3204 02a4601afdcf021007fe80731a1ab80b1007fa80
1776712070975 3204 02b4601afcc7021007fe80731a26a00b1007fa80
1776712071158 3204 02c4601afac7021007fe80731a2e900b1007fa80
1776712071245 3204 02d4601af9b7021007fe80731a37600b1007fa80
1776712071425 3204 02e4601afaaf021007fe80731a3e380b1007fa80
1776712071519 3204 02f4601afbaf021007fe80731a41200b1007fa80
1776712071697 3204 0208601afc9f021007fe80731a44100b1007fa80
1776712071700 3204 06080500001d
1776712071793 3204 0218601afd97021007fe80731a47f80a1007fa80
1776712071964 3204 0228601a0388021007fe80731a4ae80a1007fa80
1776712071968 3204 0238601a0480021007fd80731a4cc80a1007fa80
1776712072059 2a19 5e
1776712072149 3204 0248601a0580021007fd80731050b00a1007fa80
1776712072328 3204 0258601a0778021007fd80731059780a1007fa80
1776712072428 3204 0268601a0658021007fd80731061480a1007fa80
1776712072505 3204 0278601a0650021007fd80731065280a1007fa80
1776712072596 3204 0288601a0740021007fd80731069100a1007fa80
1776712072687 3204 06880500001e
1776712072779 3204 029860240728021007fd8073106fe8091007fa80
1776712072867 3204 02a860240718021007fd80731075c0091007fa80
1776712073048 3204 02b8602407f8011007fd80731079a8091007fa80
1776712073136 3204 02c8602407e0011007fd8073107d90091007fa80
1776712073332 3204 02d8602407c8011007fd8073108170091007fa80
1776712073404 3204 02e8602408c8011007fd80
1776712073496 3204 02f8602409a8011007fd80
1776712073677 3204 020c60240aa0011007fd80
1776712073767 3204 060c0500001d
1776712073769 3204 021c60240c68011007fc80
1776712073945 3204 022c60240f40011007fa807b10efe7080000fd80
1776712074129 3204 023c60241228011007fa807b10f0bf080000fd80
1776712074130 3204 024c60241410011007f9807b10efcf080000fd80
1776712074217 3204 025c60241500011007f9807b10efb7080000fc80
1776712074395 3204 026c602415d0001007f4807b10ef8f080000fc80
1776712074496 3204 027c602415a8001007f5807b10f287080000fc80
1776712074668 3204 028c60241698001007f7807b10f66f080000fc80
1776712074759 3204 068c0500001d
1776712074759 3204 029c60241680001007f6807b10fb57080000fc80
1776712074937 3204 02ac60241650001007f8807b10f7df081007fc80
1776712075027 3204 02bc60241740001007f9807b10f8bf081007fb80
1776712075210 3204 02cc60241730001007fa807b10f79f081007fb80
1776712075296 3204 02dc60241728001007fa807b10f48f081007fb80
1776712075387 3204 02ec60241810001007f9807b10f07f081007fb80
1776712075567 3204 02fc602418f8ff1007fa807b10ee5f081007fb80
1776712075658 3204 0200602418e8ff1007fa807b10ed4f081007fb80
1776712075754 3204 06000500001c
1776712075755 3204 0210602419d0ff1007fa807b10ef3f081007fb80
1776712075925 3204 0220602419b8ff1007fb807b10f1ff071007fb80
1776712076015 3204 023060241aa0ff1007fb807b10f2ef071007fb80
1776712076106 3204 024060241b98ff1007fc807b1af4d7071007fb80
1776712076285 3204 025060241c80ff1007fc807b1af59f071007fa80
1776712076378 3204 026060241d60ff1007fc807b1af367071007fa80
1776712076467 3204 027060241d50ff1007fc807b1af04f071007fa80
1776712076645 3204 028060241e40ff1007fc807b1aee47071007fa80
1776712076739 3204 06800500001c
1776712076742 3204 029060241f20ff1007fc807b1aec2f071007fa80
1776712076920 3204 02a07b1aedf7061007fa80
1776712077005 3204 02b07b1af0cf061007fa80
1776712077006 2a19 5e
1776712077185 3204 02c07b1af4bf061007fa80
1776712077274 3204 02d07b1afaa7061007fa80
1776712077366 3204 02e07b1a0660061007fa80
1776712077546 3204 02f07b1a0840061007fa80
1776712077638 3204 02047b1a0a20061007fb80
1776712077724 3204 06040500001b
1776712077724 3204 02147b1a0a10061007fb80
1776712077908 3204 02247b1a0b08061007fb80
1776712077996 3204 02347b1a0ce8051007fb80
1776712078175 3204 02447b1a0ce0051007fb80
1776712078266 3204 02547b1a0ac8051007fb80
1776712078355 3204 02647b1a0890051007fb80
1776712078537 3204 02747b1a0678051007fb80
1776712078634 3204 02847b1a0568051007fb80
1776712078808 3204 02947b1afc57051007fa80
1776712078896 3204 02a47b1afc47051007fa80
1776712078988 3204 02b47b1afbff041007fa80
1776712079168 3204 02c47b1afbe7041007fa80
1776712079257 3204 02d47b1afbcf041007fa80
1776712079347 3204 02e47b1afb7f041007fa80
1776712079524 3204 02f47b1afc5f041007fa80
1776712079615 3204 02087b1a0548041007fa80
1776712079705 3204 060805000017
1776712079805 3204 02187b1a0730041007fa80
1776712079889 3204 02287b1a0910041007fa80
1776712079975 3204 02387b1a08e0031007fa80
